{"/tmp/pwc2/src/compute_state_display.ts": {"path":"/tmp/pwc2/src/compute_state_display.ts","all":false,"statementMap":{"1":{"start":{"line":2,"column":0},"end":{"line":2,"column":111}},"3":{"start":{"line":4,"column":0},"end":{"line":4,"column":34}},"4":{"start":{"line":5,"column":0},"end":{"line":5,"column":26}},"6":{"start":{"line":7,"column":0},"end":{"line":7,"column":50}},"7":{"start":{"line":8,"column":0},"end":{"line":8,"column":34}},"8":{"start":{"line":9,"column":0},"end":{"line":9,"column":1}},"10":{"start":{"line":11,"column":0},"end":{"line":11,"column":42}},"11":{"start":{"line":12,"column":0},"end":{"line":12,"column":27}},"12":{"start":{"line":13,"column":0},"end":{"line":13,"column":25}},"13":{"start":{"line":14,"column":0},"end":{"line":14,"column":31}},"14":{"start":{"line":15,"column":0},"end":{"line":15,"column":26}},"15":{"start":{"line":16,"column":0},"end":{"line":16,"column":71}},"16":{"start":{"line":17,"column":0},"end":{"line":17,"column":59}},"17":{"start":{"line":18,"column":0},"end":{"line":18,"column":5}},"19":{"start":{"line":20,"column":0},"end":{"line":20,"column":50}},"20":{"start":{"line":21,"column":0},"end":{"line":21,"column":77}},"21":{"start":{"line":22,"column":0},"end":{"line":22,"column":5}},"23":{"start":{"line":24,"column":0},"end":{"line":24,"column":53}},"25":{"start":{"line":26,"column":0},"end":{"line":26,"column":38}},"26":{"start":{"line":27,"column":0},"end":{"line":27,"column":23}},"27":{"start":{"line":28,"column":0},"end":{"line":28,"column":44}},"28":{"start":{"line":29,"column":0},"end":{"line":29,"column":110}},"29":{"start":{"line":30,"column":0},"end":{"line":30,"column":44}},"30":{"start":{"line":31,"column":0},"end":{"line":31,"column":9}},"31":{"start":{"line":32,"column":0},"end":{"line":32,"column":44}},"32":{"start":{"line":33,"column":0},"end":{"line":33,"column":35}},"33":{"start":{"line":34,"column":0},"end":{"line":34,"column":28}},"36":{"start":{"line":37,"column":0},"end":{"line":37,"column":34}},"37":{"start":{"line":38,"column":0},"end":{"line":38,"column":31}},"38":{"start":{"line":39,"column":0},"end":{"line":39,"column":29}},"39":{"start":{"line":40,"column":0},"end":{"line":40,"column":41}},"40":{"start":{"line":41,"column":0},"end":{"line":41,"column":43}},"41":{"start":{"line":42,"column":0},"end":{"line":42,"column":14}},"42":{"start":{"line":43,"column":0},"end":{"line":43,"column":44}},"43":{"start":{"line":44,"column":0},"end":{"line":44,"column":9}},"45":{"start":{"line":46,"column":0},"end":{"line":46,"column":24}},"46":{"start":{"line":47,"column":0},"end":{"line":47,"column":37}},"47":{"start":{"line":48,"column":0},"end":{"line":48,"column":42}},"48":{"start":{"line":49,"column":0},"end":{"line":49,"column":36}},"49":{"start":{"line":50,"column":0},"end":{"line":50,"column":37}},"50":{"start":{"line":51,"column":0},"end":{"line":51,"column":39}},"51":{"start":{"line":52,"column":0},"end":{"line":52,"column":10}},"52":{"start":{"line":53,"column":0},"end":{"line":53,"column":44}},"53":{"start":{"line":54,"column":0},"end":{"line":54,"column":5}},"55":{"start":{"line":56,"column":0},"end":{"line":56,"column":12}},"57":{"start":{"line":58,"column":0},"end":{"line":58,"column":44}},"58":{"start":{"line":59,"column":0},"end":{"line":59,"column":122}},"60":{"start":{"line":61,"column":0},"end":{"line":61,"column":85}},"62":{"start":{"line":63,"column":0},"end":{"line":63,"column":22}},"64":{"start":{"line":65,"column":0},"end":{"line":65,"column":2}},"66":{"start":{"line":67,"column":0},"end":{"line":67,"column":42}},"67":{"start":{"line":68,"column":0},"end":{"line":68,"column":27}},"68":{"start":{"line":69,"column":0},"end":{"line":69,"column":22}},"69":{"start":{"line":70,"column":0},"end":{"line":70,"column":26}},"72":{"start":{"line":73,"column":0},"end":{"line":73,"column":12}},"74":{"start":{"line":75,"column":0},"end":{"line":75,"column":78}},"76":{"start":{"line":77,"column":0},"end":{"line":77,"column":17}},"78":{"start":{"line":79,"column":0},"end":{"line":79,"column":2}}},"s":{"1":1,"3":1,"4":1,"6":4,"7":4,"8":4,"10":1,"11":8,"12":8,"13":8,"14":8,"15":8,"16":2,"17":2,"19":8,"20":2,"21":2,"23":4,"25":8,"26":0,"27":0,"28":0,"29":0,"30":0,"31":0,"32":0,"33":0,"36":0,"37":0,"38":0,"39":0,"40":0,"41":0,"42":0,"43":0,"45":0,"46":0,"47":0,"48":0,"49":0,"50":0,"51":0,"52":0,"53":0,"55":4,"57":4,"58":0,"60":4,"62":3,"64":8,"66":1,"67":92,"68":92,"69":92,"72":92,"74":92,"76":2,"78":92},"branchMap":{"0":{"type":"branch","line":7,"loc":{"start":{"line":7,"column":0},"end":{"line":9,"column":1}},"locations":[{"start":{"line":7,"column":0},"end":{"line":9,"column":1}}]},"1":{"type":"branch","line":11,"loc":{"start":{"line":11,"column":41},"end":{"line":65,"column":2}},"locations":[{"start":{"line":11,"column":41},"end":{"line":65,"column":2}}]},"2":{"type":"branch","line":16,"loc":{"start":{"line":16,"column":27},"end":{"line":16,"column":70}},"locations":[{"start":{"line":16,"column":27},"end":{"line":16,"column":70}}]},"3":{"type":"branch","line":16,"loc":{"start":{"line":16,"column":70},"end":{"line":18,"column":5}},"locations":[{"start":{"line":16,"column":70},"end":{"line":18,"column":5}}]},"4":{"type":"branch","line":18,"loc":{"start":{"line":18,"column":4},"end":{"line":20,"column":49}},"locations":[{"start":{"line":18,"column":4},"end":{"line":20,"column":49}}]},"5":{"type":"branch","line":20,"loc":{"start":{"line":20,"column":49},"end":{"line":22,"column":5}},"locations":[{"start":{"line":20,"column":49},"end":{"line":22,"column":5}}]},"6":{"type":"branch","line":22,"loc":{"start":{"line":22,"column":4},"end":{"line":26,"column":37}},"locations":[{"start":{"line":22,"column":4},"end":{"line":26,"column":37}}]},"7":{"type":"branch","line":26,"loc":{"start":{"line":26,"column":37},"end":{"line":54,"column":5}},"locations":[{"start":{"line":26,"column":37},"end":{"line":54,"column":5}}]},"8":{"type":"branch","line":54,"loc":{"start":{"line":54,"column":4},"end":{"line":58,"column":44}},"locations":[{"start":{"line":54,"column":4},"end":{"line":58,"column":44}}]},"9":{"type":"branch","line":58,"loc":{"start":{"line":58,"column":29},"end":{"line":59,"column":122}},"locations":[{"start":{"line":58,"column":29},"end":{"line":59,"column":122}}]},"10":{"type":"branch","line":59,"loc":{"start":{"line":59,"column":117},"end":{"line":61,"column":85}},"locations":[{"start":{"line":59,"column":117},"end":{"line":61,"column":85}}]},"11":{"type":"branch","line":61,"loc":{"start":{"line":61,"column":81},"end":{"line":63,"column":22}},"locations":[{"start":{"line":61,"column":81},"end":{"line":63,"column":22}}]},"12":{"type":"branch","line":67,"loc":{"start":{"line":67,"column":41},"end":{"line":79,"column":2}},"locations":[{"start":{"line":67,"column":41},"end":{"line":79,"column":2}}]},"13":{"type":"branch","line":75,"loc":{"start":{"line":75,"column":74},"end":{"line":77,"column":17}},"locations":[{"start":{"line":75,"column":74},"end":{"line":77,"column":17}}]}},"b":{"0":[4],"1":[8],"2":[7],"3":[2],"4":[6],"5":[2],"6":[4],"7":[0],"8":[4],"9":[0],"10":[4],"11":[3],"12":[92],"13":[2]},"fnMap":{"0":{"name":"computeDomain","decl":{"start":{"line":7,"column":0},"end":{"line":9,"column":1}},"loc":{"start":{"line":7,"column":0},"end":{"line":9,"column":1}},"line":7},"1":{"name":"entityComputeStateDisplay","decl":{"start":{"line":11,"column":41},"end":{"line":65,"column":2}},"loc":{"start":{"line":11,"column":41},"end":{"line":65,"column":2}},"line":11},"2":{"name":"stringComputeStateDisplay","decl":{"start":{"line":67,"column":41},"end":{"line":79,"column":2}},"loc":{"start":{"line":67,"column":41},"end":{"line":79,"column":2}},"line":67}},"f":{"0":4,"1":8,"2":92}}
,"/tmp/pwc2/src/const.ts": {"path":"/tmp/pwc2/src/const.ts","all":false,"statementMap":{"0":{"start":{"line":1,"column":0},"end":{"line":1,"column":43}}},"s":{"0":1},"branchMap":{},"b":{},"fnMap":{},"f":{}}
,"/tmp/pwc2/src/editor.ts": {"path":"/tmp/pwc2/src/editor.ts","all":false,"statementMap":{"1":{"start":{"line":2,"column":0},"end":{"line":2,"column":76}},"2":{"start":{"line":3,"column":0},"end":{"line":3,"column":83}},"4":{"start":{"line":5,"column":0},"end":{"line":5,"column":43}},"6":{"start":{"line":7,"column":0},"end":{"line":7,"column":89}},"8":{"start":{"line":9,"column":0},"end":{"line":9,"column":41}},"9":{"start":{"line":10,"column":0},"end":{"line":10,"column":181}},"10":{"start":{"line":11,"column":0},"end":{"line":11,"column":64}},"12":{"start":{"line":13,"column":0},"end":{"line":13,"column":58}},"13":{"start":{"line":14,"column":0},"end":{"line":14,"column":81}},"14":{"start":{"line":15,"column":0},"end":{"line":15,"column":62}},"16":{"start":{"line":17,"column":0},"end":{"line":17,"column":47}},"18":{"start":{"line":19,"column":0},"end":{"line":19,"column":34}},"20":{"start":{"line":21,"column":0},"end":{"line":21,"column":69}},"22":{"start":{"line":23,"column":0},"end":{"line":23,"column":31}},"23":{"start":{"line":24,"column":0},"end":{"line":24,"column":30}},"25":{"start":{"line":26,"column":0},"end":{"line":26,"column":53}},"26":{"start":{"line":27,"column":0},"end":{"line":27,"column":26}},"27":{"start":{"line":28,"column":0},"end":{"line":28,"column":24}},"28":{"start":{"line":29,"column":0},"end":{"line":29,"column":39}},"29":{"start":{"line":30,"column":0},"end":{"line":30,"column":22}},"30":{"start":{"line":31,"column":0},"end":{"line":31,"column":24}},"31":{"start":{"line":32,"column":0},"end":{"line":32,"column":40}},"32":{"start":{"line":33,"column":0},"end":{"line":33,"column":7}},"33":{"start":{"line":34,"column":0},"end":{"line":34,"column":21}},"34":{"start":{"line":35,"column":0},"end":{"line":35,"column":12}},"36":{"start":{"line":37,"column":0},"end":{"line":37,"column":68}},"37":{"start":{"line":38,"column":0},"end":{"line":38,"column":48}},"38":{"start":{"line":39,"column":0},"end":{"line":39,"column":67}},"39":{"start":{"line":40,"column":0},"end":{"line":40,"column":48}},"40":{"start":{"line":41,"column":0},"end":{"line":41,"column":55}},"41":{"start":{"line":42,"column":0},"end":{"line":42,"column":11}},"42":{"start":{"line":43,"column":0},"end":{"line":43,"column":25}},"43":{"start":{"line":44,"column":0},"end":{"line":44,"column":9}},"44":{"start":{"line":45,"column":0},"end":{"line":45,"column":9}},"46":{"start":{"line":47,"column":0},"end":{"line":47,"column":54}},"47":{"start":{"line":48,"column":0},"end":{"line":48,"column":78}},"48":{"start":{"line":49,"column":0},"end":{"line":49,"column":51}},"49":{"start":{"line":50,"column":0},"end":{"line":50,"column":25}},"50":{"start":{"line":51,"column":0},"end":{"line":51,"column":9}},"51":{"start":{"line":52,"column":0},"end":{"line":52,"column":9}},"52":{"start":{"line":53,"column":0},"end":{"line":53,"column":5}},"54":{"start":{"line":55,"column":0},"end":{"line":55,"column":18}},"55":{"start":{"line":56,"column":0},"end":{"line":56,"column":89}},"56":{"start":{"line":57,"column":0},"end":{"line":57,"column":5}},"58":{"start":{"line":59,"column":0},"end":{"line":59,"column":27}},"59":{"start":{"line":60,"column":0},"end":{"line":60,"column":3}},"61":{"start":{"line":62,"column":0},"end":{"line":62,"column":59}},"62":{"start":{"line":63,"column":0},"end":{"line":63,"column":82}},"63":{"start":{"line":64,"column":0},"end":{"line":64,"column":3}},"65":{"start":{"line":66,"column":0},"end":{"line":66,"column":28}},"66":{"start":{"line":67,"column":0},"end":{"line":67,"column":38}},"67":{"start":{"line":68,"column":0},"end":{"line":68,"column":13}},"68":{"start":{"line":69,"column":0},"end":{"line":69,"column":5}},"70":{"start":{"line":71,"column":0},"end":{"line":71,"column":40}},"73":{"start":{"line":74,"column":0},"end":{"line":74,"column":33}},"74":{"start":{"line":75,"column":0},"end":{"line":75,"column":64}},"75":{"start":{"line":76,"column":0},"end":{"line":76,"column":39}},"76":{"start":{"line":77,"column":0},"end":{"line":77,"column":5}},"78":{"start":{"line":79,"column":0},"end":{"line":79,"column":32}},"79":{"start":{"line":80,"column":0},"end":{"line":80,"column":93}},"80":{"start":{"line":81,"column":0},"end":{"line":81,"column":38}},"81":{"start":{"line":82,"column":0},"end":{"line":82,"column":5}},"83":{"start":{"line":84,"column":0},"end":{"line":84,"column":27}},"84":{"start":{"line":85,"column":0},"end":{"line":85,"column":52}},"85":{"start":{"line":86,"column":0},"end":{"line":86,"column":33}},"86":{"start":{"line":87,"column":0},"end":{"line":87,"column":5}},"88":{"start":{"line":89,"column":0},"end":{"line":89,"column":54}},"89":{"start":{"line":90,"column":0},"end":{"line":90,"column":85}},"90":{"start":{"line":91,"column":0},"end":{"line":91,"column":46}},"91":{"start":{"line":92,"column":0},"end":{"line":92,"column":5}},"93":{"start":{"line":94,"column":0},"end":{"line":94,"column":43}},"94":{"start":{"line":95,"column":0},"end":{"line":95,"column":79}},"95":{"start":{"line":96,"column":0},"end":{"line":96,"column":49}},"96":{"start":{"line":97,"column":0},"end":{"line":97,"column":5}},"98":{"start":{"line":99,"column":0},"end":{"line":99,"column":29}},"99":{"start":{"line":100,"column":0},"end":{"line":100,"column":56}},"100":{"start":{"line":101,"column":0},"end":{"line":101,"column":35}},"101":{"start":{"line":102,"column":0},"end":{"line":102,"column":5}},"103":{"start":{"line":104,"column":0},"end":{"line":104,"column":34}},"104":{"start":{"line":105,"column":0},"end":{"line":105,"column":66}},"105":{"start":{"line":106,"column":0},"end":{"line":106,"column":40}},"106":{"start":{"line":107,"column":0},"end":{"line":107,"column":5}},"108":{"start":{"line":109,"column":0},"end":{"line":109,"column":40}},"109":{"start":{"line":110,"column":0},"end":{"line":110,"column":71}},"110":{"start":{"line":111,"column":0},"end":{"line":111,"column":46}},"111":{"start":{"line":112,"column":0},"end":{"line":112,"column":5}},"113":{"start":{"line":114,"column":0},"end":{"line":114,"column":39}},"114":{"start":{"line":115,"column":0},"end":{"line":115,"column":70}},"115":{"start":{"line":116,"column":0},"end":{"line":116,"column":45}},"116":{"start":{"line":117,"column":0},"end":{"line":117,"column":5}},"118":{"start":{"line":119,"column":0},"end":{"line":119,"column":46}},"119":{"start":{"line":120,"column":0},"end":{"line":120,"column":78}},"120":{"start":{"line":121,"column":0},"end":{"line":121,"column":52}},"121":{"start":{"line":122,"column":0},"end":{"line":122,"column":5}},"123":{"start":{"line":124,"column":0},"end":{"line":124,"column":40}},"124":{"start":{"line":125,"column":0},"end":{"line":125,"column":66}},"125":{"start":{"line":126,"column":0},"end":{"line":126,"column":46}},"126":{"start":{"line":127,"column":0},"end":{"line":127,"column":5}},"128":{"start":{"line":129,"column":0},"end":{"line":129,"column":41}},"129":{"start":{"line":130,"column":0},"end":{"line":130,"column":68}},"130":{"start":{"line":131,"column":0},"end":{"line":131,"column":47}},"131":{"start":{"line":132,"column":0},"end":{"line":132,"column":5}},"133":{"start":{"line":134,"column":0},"end":{"line":134,"column":48}},"134":{"start":{"line":135,"column":0},"end":{"line":135,"column":81}},"135":{"start":{"line":136,"column":0},"end":{"line":136,"column":54}},"136":{"start":{"line":137,"column":0},"end":{"line":137,"column":5}},"138":{"start":{"line":139,"column":0},"end":{"line":139,"column":47}},"139":{"start":{"line":140,"column":0},"end":{"line":140,"column":80}},"140":{"start":{"line":141,"column":0},"end":{"line":141,"column":53}},"141":{"start":{"line":142,"column":0},"end":{"line":142,"column":5}},"143":{"start":{"line":144,"column":0},"end":{"line":144,"column":42}},"144":{"start":{"line":145,"column":0},"end":{"line":145,"column":64}},"145":{"start":{"line":146,"column":0},"end":{"line":146,"column":48}},"146":{"start":{"line":147,"column":0},"end":{"line":147,"column":5}},"148":{"start":{"line":149,"column":0},"end":{"line":149,"column":47}},"149":{"start":{"line":150,"column":0},"end":{"line":150,"column":77}},"150":{"start":{"line":151,"column":0},"end":{"line":151,"column":53}},"151":{"start":{"line":152,"column":0},"end":{"line":152,"column":5}},"153":{"start":{"line":154,"column":0},"end":{"line":154,"column":34}},"154":{"start":{"line":155,"column":0},"end":{"line":155,"column":75}},"155":{"start":{"line":156,"column":0},"end":{"line":156,"column":40}},"156":{"start":{"line":157,"column":0},"end":{"line":157,"column":5}},"158":{"start":{"line":159,"column":0},"end":{"line":159,"column":35}},"159":{"start":{"line":160,"column":0},"end":{"line":160,"column":77}},"160":{"start":{"line":161,"column":0},"end":{"line":161,"column":41}},"161":{"start":{"line":162,"column":0},"end":{"line":162,"column":5}},"164":{"start":{"line":165,"column":0},"end":{"line":165,"column":172}},"165":{"start":{"line":166,"column":0},"end":{"line":166,"column":79}},"166":{"start":{"line":167,"column":0},"end":{"line":167,"column":78}},"167":{"start":{"line":168,"column":0},"end":{"line":168,"column":5}},"170":{"start":{"line":171,"column":0},"end":{"line":171,"column":50}},"171":{"start":{"line":172,"column":0},"end":{"line":172,"column":41}},"172":{"start":{"line":173,"column":0},"end":{"line":173,"column":43}},"173":{"start":{"line":174,"column":0},"end":{"line":174,"column":34}},"174":{"start":{"line":175,"column":0},"end":{"line":175,"column":7}},"175":{"start":{"line":176,"column":0},"end":{"line":176,"column":5}},"177":{"start":{"line":178,"column":0},"end":{"line":178,"column":17}},"178":{"start":{"line":179,"column":0},"end":{"line":179,"column":19}},"179":{"start":{"line":180,"column":0},"end":{"line":180,"column":48}},"180":{"start":{"line":181,"column":0},"end":{"line":181,"column":5}},"182":{"start":{"line":183,"column":0},"end":{"line":183,"column":29}},"184":{"start":{"line":185,"column":0},"end":{"line":185,"column":87}},"185":{"start":{"line":186,"column":0},"end":{"line":186,"column":3}},"187":{"start":{"line":188,"column":0},"end":{"line":188,"column":37}},"188":{"start":{"line":189,"column":0},"end":{"line":189,"column":29}},"189":{"start":{"line":190,"column":0},"end":{"line":190,"column":25}},"190":{"start":{"line":191,"column":0},"end":{"line":191,"column":5}},"192":{"start":{"line":193,"column":0},"end":{"line":193,"column":16}},"193":{"start":{"line":194,"column":0},"end":{"line":194,"column":3}},"195":{"start":{"line":196,"column":0},"end":{"line":196,"column":46}},"196":{"start":{"line":197,"column":0},"end":{"line":197,"column":47}},"197":{"start":{"line":198,"column":0},"end":{"line":198,"column":3}},"199":{"start":{"line":200,"column":0},"end":{"line":200,"column":34}},"200":{"start":{"line":201,"column":0},"end":{"line":201,"column":47}},"201":{"start":{"line":202,"column":0},"end":{"line":202,"column":3}},"203":{"start":{"line":204,"column":0},"end":{"line":204,"column":36}},"204":{"start":{"line":205,"column":0},"end":{"line":205,"column":49}},"205":{"start":{"line":206,"column":0},"end":{"line":206,"column":3}},"207":{"start":{"line":208,"column":0},"end":{"line":208,"column":37}},"208":{"start":{"line":209,"column":0},"end":{"line":209,"column":50}},"209":{"start":{"line":210,"column":0},"end":{"line":210,"column":3}},"211":{"start":{"line":212,"column":0},"end":{"line":212,"column":40}},"212":{"start":{"line":213,"column":0},"end":{"line":213,"column":70}},"213":{"start":{"line":214,"column":0},"end":{"line":214,"column":3}},"215":{"start":{"line":216,"column":0},"end":{"line":216,"column":40}},"216":{"start":{"line":217,"column":0},"end":{"line":217,"column":53}},"217":{"start":{"line":218,"column":0},"end":{"line":218,"column":3}},"219":{"start":{"line":220,"column":0},"end":{"line":220,"column":42}},"220":{"start":{"line":221,"column":0},"end":{"line":221,"column":55}},"221":{"start":{"line":222,"column":0},"end":{"line":222,"column":3}},"223":{"start":{"line":224,"column":0},"end":{"line":224,"column":47}},"224":{"start":{"line":225,"column":0},"end":{"line":225,"column":47}},"225":{"start":{"line":226,"column":0},"end":{"line":226,"column":3}},"227":{"start":{"line":228,"column":0},"end":{"line":228,"column":37}},"228":{"start":{"line":229,"column":0},"end":{"line":229,"column":50}},"229":{"start":{"line":230,"column":0},"end":{"line":230,"column":3}},"231":{"start":{"line":232,"column":0},"end":{"line":232,"column":39}},"232":{"start":{"line":233,"column":0},"end":{"line":233,"column":52}},"233":{"start":{"line":234,"column":0},"end":{"line":234,"column":3}},"235":{"start":{"line":236,"column":0},"end":{"line":236,"column":39}},"236":{"start":{"line":237,"column":0},"end":{"line":237,"column":52}},"237":{"start":{"line":238,"column":0},"end":{"line":238,"column":3}},"239":{"start":{"line":240,"column":0},"end":{"line":240,"column":33}},"240":{"start":{"line":241,"column":0},"end":{"line":241,"column":46}},"241":{"start":{"line":242,"column":0},"end":{"line":242,"column":3}},"243":{"start":{"line":244,"column":0},"end":{"line":244,"column":49}},"244":{"start":{"line":245,"column":0},"end":{"line":245,"column":79}},"245":{"start":{"line":246,"column":0},"end":{"line":246,"column":3}},"247":{"start":{"line":248,"column":0},"end":{"line":248,"column":50}},"248":{"start":{"line":249,"column":0},"end":{"line":249,"column":80}},"249":{"start":{"line":250,"column":0},"end":{"line":250,"column":3}},"251":{"start":{"line":252,"column":0},"end":{"line":252,"column":34}},"252":{"start":{"line":253,"column":0},"end":{"line":253,"column":47}},"253":{"start":{"line":254,"column":0},"end":{"line":254,"column":3}},"255":{"start":{"line":256,"column":0},"end":{"line":256,"column":37}},"256":{"start":{"line":257,"column":0},"end":{"line":257,"column":67}},"257":{"start":{"line":258,"column":0},"end":{"line":258,"column":3}},"259":{"start":{"line":260,"column":0},"end":{"line":260,"column":37}},"260":{"start":{"line":261,"column":0},"end":{"line":261,"column":50}},"261":{"start":{"line":262,"column":0},"end":{"line":262,"column":3}},"263":{"start":{"line":264,"column":0},"end":{"line":264,"column":44}},"264":{"start":{"line":265,"column":0},"end":{"line":265,"column":57}},"265":{"start":{"line":266,"column":0},"end":{"line":266,"column":3}},"267":{"start":{"line":268,"column":0},"end":{"line":268,"column":44}},"268":{"start":{"line":269,"column":0},"end":{"line":269,"column":57}},"269":{"start":{"line":270,"column":0},"end":{"line":270,"column":3}},"271":{"start":{"line":272,"column":0},"end":{"line":272,"column":26}},"272":{"start":{"line":273,"column":0},"end":{"line":273,"column":39}},"273":{"start":{"line":274,"column":0},"end":{"line":274,"column":3}},"275":{"start":{"line":276,"column":0},"end":{"line":276,"column":26}},"276":{"start":{"line":277,"column":0},"end":{"line":277,"column":39}},"277":{"start":{"line":278,"column":0},"end":{"line":278,"column":3}},"279":{"start":{"line":280,"column":0},"end":{"line":280,"column":26}},"280":{"start":{"line":281,"column":0},"end":{"line":281,"column":39}},"281":{"start":{"line":282,"column":0},"end":{"line":282,"column":3}},"283":{"start":{"line":284,"column":0},"end":{"line":284,"column":26}},"284":{"start":{"line":285,"column":0},"end":{"line":285,"column":39}},"285":{"start":{"line":286,"column":0},"end":{"line":286,"column":3}},"287":{"start":{"line":288,"column":0},"end":{"line":288,"column":26}},"288":{"start":{"line":289,"column":0},"end":{"line":289,"column":39}},"289":{"start":{"line":290,"column":0},"end":{"line":290,"column":3}},"291":{"start":{"line":292,"column":0},"end":{"line":292,"column":26}},"292":{"start":{"line":293,"column":0},"end":{"line":293,"column":39}},"293":{"start":{"line":294,"column":0},"end":{"line":294,"column":3}},"295":{"start":{"line":296,"column":0},"end":{"line":296,"column":26}},"296":{"start":{"line":297,"column":0},"end":{"line":297,"column":39}},"297":{"start":{"line":298,"column":0},"end":{"line":298,"column":3}},"299":{"start":{"line":300,"column":0},"end":{"line":300,"column":26}},"300":{"start":{"line":301,"column":0},"end":{"line":301,"column":39}},"301":{"start":{"line":302,"column":0},"end":{"line":302,"column":3}},"303":{"start":{"line":304,"column":0},"end":{"line":304,"column":26}},"304":{"start":{"line":305,"column":0},"end":{"line":305,"column":39}},"305":{"start":{"line":306,"column":0},"end":{"line":306,"column":3}},"307":{"start":{"line":308,"column":0},"end":{"line":308,"column":26}},"308":{"start":{"line":309,"column":0},"end":{"line":309,"column":39}},"309":{"start":{"line":310,"column":0},"end":{"line":310,"column":3}},"311":{"start":{"line":312,"column":0},"end":{"line":312,"column":26}},"312":{"start":{"line":313,"column":0},"end":{"line":313,"column":39}},"313":{"start":{"line":314,"column":0},"end":{"line":314,"column":3}},"315":{"start":{"line":316,"column":0},"end":{"line":316,"column":26}},"316":{"start":{"line":317,"column":0},"end":{"line":317,"column":39}},"317":{"start":{"line":318,"column":0},"end":{"line":318,"column":3}},"319":{"start":{"line":320,"column":0},"end":{"line":320,"column":26}},"320":{"start":{"line":321,"column":0},"end":{"line":321,"column":39}},"321":{"start":{"line":322,"column":0},"end":{"line":322,"column":3}},"323":{"start":{"line":324,"column":0},"end":{"line":324,"column":26}},"324":{"start":{"line":325,"column":0},"end":{"line":325,"column":39}},"325":{"start":{"line":326,"column":0},"end":{"line":326,"column":3}},"327":{"start":{"line":328,"column":0},"end":{"line":328,"column":26}},"328":{"start":{"line":329,"column":0},"end":{"line":329,"column":39}},"329":{"start":{"line":330,"column":0},"end":{"line":330,"column":3}},"331":{"start":{"line":332,"column":0},"end":{"line":332,"column":26}},"332":{"start":{"line":333,"column":0},"end":{"line":333,"column":39}},"333":{"start":{"line":334,"column":0},"end":{"line":334,"column":3}},"335":{"start":{"line":336,"column":0},"end":{"line":336,"column":38}},"336":{"start":{"line":337,"column":0},"end":{"line":337,"column":51}},"337":{"start":{"line":338,"column":0},"end":{"line":338,"column":3}},"339":{"start":{"line":340,"column":0},"end":{"line":340,"column":38}},"340":{"start":{"line":341,"column":0},"end":{"line":341,"column":51}},"341":{"start":{"line":342,"column":0},"end":{"line":342,"column":3}},"343":{"start":{"line":344,"column":0},"end":{"line":344,"column":38}},"344":{"start":{"line":345,"column":0},"end":{"line":345,"column":51}},"345":{"start":{"line":346,"column":0},"end":{"line":346,"column":3}},"347":{"start":{"line":348,"column":0},"end":{"line":348,"column":38}},"348":{"start":{"line":349,"column":0},"end":{"line":349,"column":51}},"349":{"start":{"line":350,"column":0},"end":{"line":350,"column":3}},"351":{"start":{"line":352,"column":0},"end":{"line":352,"column":35}},"352":{"start":{"line":353,"column":0},"end":{"line":353,"column":48}},"353":{"start":{"line":354,"column":0},"end":{"line":354,"column":3}},"355":{"start":{"line":356,"column":0},"end":{"line":356,"column":41}},"356":{"start":{"line":357,"column":0},"end":{"line":357,"column":54}},"357":{"start":{"line":358,"column":0},"end":{"line":358,"column":3}},"359":{"start":{"line":360,"column":0},"end":{"line":360,"column":40}},"360":{"start":{"line":361,"column":0},"end":{"line":361,"column":53}},"361":{"start":{"line":362,"column":0},"end":{"line":362,"column":3}},"363":{"start":{"line":364,"column":0},"end":{"line":364,"column":46}},"364":{"start":{"line":365,"column":0},"end":{"line":365,"column":59}},"365":{"start":{"line":366,"column":0},"end":{"line":366,"column":3}},"367":{"start":{"line":368,"column":0},"end":{"line":368,"column":38}},"368":{"start":{"line":369,"column":0},"end":{"line":369,"column":51}},"369":{"start":{"line":370,"column":0},"end":{"line":370,"column":3}},"371":{"start":{"line":372,"column":0},"end":{"line":372,"column":36}},"372":{"start":{"line":373,"column":0},"end":{"line":373,"column":49}},"373":{"start":{"line":374,"column":0},"end":{"line":374,"column":3}},"375":{"start":{"line":376,"column":0},"end":{"line":376,"column":35}},"376":{"start":{"line":377,"column":0},"end":{"line":377,"column":48}},"377":{"start":{"line":378,"column":0},"end":{"line":378,"column":3}},"379":{"start":{"line":380,"column":0},"end":{"line":380,"column":39}},"380":{"start":{"line":381,"column":0},"end":{"line":381,"column":52}},"381":{"start":{"line":382,"column":0},"end":{"line":382,"column":3}},"383":{"start":{"line":384,"column":0},"end":{"line":384,"column":38}},"384":{"start":{"line":385,"column":0},"end":{"line":385,"column":51}},"385":{"start":{"line":386,"column":0},"end":{"line":386,"column":3}},"387":{"start":{"line":388,"column":0},"end":{"line":388,"column":36}},"388":{"start":{"line":389,"column":0},"end":{"line":389,"column":49}},"389":{"start":{"line":390,"column":0},"end":{"line":390,"column":3}},"391":{"start":{"line":392,"column":0},"end":{"line":392,"column":29}},"392":{"start":{"line":393,"column":0},"end":{"line":393,"column":42}},"393":{"start":{"line":394,"column":0},"end":{"line":394,"column":3}},"395":{"start":{"line":396,"column":0},"end":{"line":396,"column":30}},"396":{"start":{"line":397,"column":0},"end":{"line":397,"column":43}},"397":{"start":{"line":398,"column":0},"end":{"line":398,"column":3}},"399":{"start":{"line":400,"column":0},"end":{"line":400,"column":29}},"400":{"start":{"line":401,"column":0},"end":{"line":401,"column":42}},"401":{"start":{"line":402,"column":0},"end":{"line":402,"column":3}},"403":{"start":{"line":404,"column":0},"end":{"line":404,"column":29}},"404":{"start":{"line":405,"column":0},"end":{"line":405,"column":42}},"405":{"start":{"line":406,"column":0},"end":{"line":406,"column":3}},"407":{"start":{"line":408,"column":0},"end":{"line":408,"column":43}},"408":{"start":{"line":409,"column":0},"end":{"line":409,"column":56}},"409":{"start":{"line":410,"column":0},"end":{"line":410,"column":3}},"411":{"start":{"line":412,"column":0},"end":{"line":412,"column":34}},"412":{"start":{"line":413,"column":0},"end":{"line":413,"column":47}},"413":{"start":{"line":414,"column":0},"end":{"line":414,"column":3}},"415":{"start":{"line":416,"column":0},"end":{"line":416,"column":40}},"416":{"start":{"line":417,"column":0},"end":{"line":417,"column":53}},"417":{"start":{"line":418,"column":0},"end":{"line":418,"column":3}},"419":{"start":{"line":420,"column":0},"end":{"line":420,"column":34}},"420":{"start":{"line":421,"column":0},"end":{"line":421,"column":47}},"421":{"start":{"line":422,"column":0},"end":{"line":422,"column":3}},"423":{"start":{"line":424,"column":0},"end":{"line":424,"column":42}},"424":{"start":{"line":425,"column":0},"end":{"line":425,"column":55}},"425":{"start":{"line":426,"column":0},"end":{"line":426,"column":3}},"427":{"start":{"line":428,"column":0},"end":{"line":428,"column":37}},"428":{"start":{"line":429,"column":0},"end":{"line":429,"column":50}},"429":{"start":{"line":430,"column":0},"end":{"line":430,"column":3}},"431":{"start":{"line":432,"column":0},"end":{"line":432,"column":34}},"432":{"start":{"line":433,"column":0},"end":{"line":433,"column":47}},"433":{"start":{"line":434,"column":0},"end":{"line":434,"column":3}},"435":{"start":{"line":436,"column":0},"end":{"line":436,"column":32}},"436":{"start":{"line":437,"column":0},"end":{"line":437,"column":45}},"437":{"start":{"line":438,"column":0},"end":{"line":438,"column":3}},"439":{"start":{"line":440,"column":0},"end":{"line":440,"column":31}},"440":{"start":{"line":441,"column":0},"end":{"line":441,"column":44}},"441":{"start":{"line":442,"column":0},"end":{"line":442,"column":3}},"443":{"start":{"line":444,"column":0},"end":{"line":444,"column":32}},"444":{"start":{"line":445,"column":0},"end":{"line":445,"column":45}},"445":{"start":{"line":446,"column":0},"end":{"line":446,"column":3}},"447":{"start":{"line":448,"column":0},"end":{"line":448,"column":32}},"448":{"start":{"line":449,"column":0},"end":{"line":449,"column":45}},"449":{"start":{"line":450,"column":0},"end":{"line":450,"column":3}},"451":{"start":{"line":452,"column":0},"end":{"line":452,"column":32}},"452":{"start":{"line":453,"column":0},"end":{"line":453,"column":45}},"453":{"start":{"line":454,"column":0},"end":{"line":454,"column":3}},"455":{"start":{"line":456,"column":0},"end":{"line":456,"column":31}},"456":{"start":{"line":457,"column":0},"end":{"line":457,"column":44}},"457":{"start":{"line":458,"column":0},"end":{"line":458,"column":3}},"459":{"start":{"line":460,"column":0},"end":{"line":460,"column":32}},"460":{"start":{"line":461,"column":0},"end":{"line":461,"column":45}},"461":{"start":{"line":462,"column":0},"end":{"line":462,"column":3}},"463":{"start":{"line":464,"column":0},"end":{"line":464,"column":32}},"464":{"start":{"line":465,"column":0},"end":{"line":465,"column":45}},"465":{"start":{"line":466,"column":0},"end":{"line":466,"column":3}},"467":{"start":{"line":468,"column":0},"end":{"line":468,"column":32}},"468":{"start":{"line":469,"column":0},"end":{"line":469,"column":45}},"469":{"start":{"line":470,"column":0},"end":{"line":470,"column":3}},"471":{"start":{"line":472,"column":0},"end":{"line":472,"column":31}},"472":{"start":{"line":473,"column":0},"end":{"line":473,"column":44}},"473":{"start":{"line":474,"column":0},"end":{"line":474,"column":3}},"475":{"start":{"line":476,"column":0},"end":{"line":476,"column":32}},"476":{"start":{"line":477,"column":0},"end":{"line":477,"column":45}},"477":{"start":{"line":478,"column":0},"end":{"line":478,"column":3}},"479":{"start":{"line":480,"column":0},"end":{"line":480,"column":32}},"480":{"start":{"line":481,"column":0},"end":{"line":481,"column":45}},"481":{"start":{"line":482,"column":0},"end":{"line":482,"column":3}},"483":{"start":{"line":484,"column":0},"end":{"line":484,"column":32}},"484":{"start":{"line":485,"column":0},"end":{"line":485,"column":45}},"485":{"start":{"line":486,"column":0},"end":{"line":486,"column":3}},"487":{"start":{"line":488,"column":0},"end":{"line":488,"column":31}},"488":{"start":{"line":489,"column":0},"end":{"line":489,"column":44}},"489":{"start":{"line":490,"column":0},"end":{"line":490,"column":3}},"491":{"start":{"line":492,"column":0},"end":{"line":492,"column":32}},"492":{"start":{"line":493,"column":0},"end":{"line":493,"column":45}},"493":{"start":{"line":494,"column":0},"end":{"line":494,"column":3}},"495":{"start":{"line":496,"column":0},"end":{"line":496,"column":32}},"496":{"start":{"line":497,"column":0},"end":{"line":497,"column":45}},"497":{"start":{"line":498,"column":0},"end":{"line":498,"column":3}},"499":{"start":{"line":500,"column":0},"end":{"line":500,"column":56}},"500":{"start":{"line":501,"column":0},"end":{"line":501,"column":53}},"501":{"start":{"line":502,"column":0},"end":{"line":502,"column":3}},"503":{"start":{"line":504,"column":0},"end":{"line":504,"column":49}},"504":{"start":{"line":505,"column":0},"end":{"line":505,"column":53}},"505":{"start":{"line":506,"column":0},"end":{"line":506,"column":3}},"507":{"start":{"line":508,"column":0},"end":{"line":508,"column":60}},"508":{"start":{"line":509,"column":0},"end":{"line":509,"column":62}},"509":{"start":{"line":510,"column":0},"end":{"line":510,"column":3}},"511":{"start":{"line":512,"column":0},"end":{"line":512,"column":41}},"512":{"start":{"line":513,"column":0},"end":{"line":513,"column":54}},"513":{"start":{"line":514,"column":0},"end":{"line":514,"column":3}},"515":{"start":{"line":516,"column":0},"end":{"line":516,"column":31}},"516":{"start":{"line":517,"column":0},"end":{"line":517,"column":46}},"517":{"start":{"line":518,"column":0},"end":{"line":518,"column":3}},"519":{"start":{"line":520,"column":0},"end":{"line":520,"column":30}},"520":{"start":{"line":521,"column":0},"end":{"line":521,"column":45}},"521":{"start":{"line":522,"column":0},"end":{"line":522,"column":3}},"524":{"start":{"line":525,"column":0},"end":{"line":525,"column":35}},"525":{"start":{"line":526,"column":0},"end":{"line":526,"column":48}},"526":{"start":{"line":527,"column":0},"end":{"line":527,"column":3}},"528":{"start":{"line":529,"column":0},"end":{"line":529,"column":40}},"529":{"start":{"line":530,"column":0},"end":{"line":530,"column":53}},"530":{"start":{"line":531,"column":0},"end":{"line":531,"column":3}},"532":{"start":{"line":533,"column":0},"end":{"line":533,"column":40}},"533":{"start":{"line":534,"column":0},"end":{"line":534,"column":53}},"534":{"start":{"line":535,"column":0},"end":{"line":535,"column":3}},"536":{"start":{"line":537,"column":0},"end":{"line":537,"column":31}},"537":{"start":{"line":538,"column":0},"end":{"line":538,"column":44}},"538":{"start":{"line":539,"column":0},"end":{"line":539,"column":3}},"540":{"start":{"line":541,"column":0},"end":{"line":541,"column":31}},"541":{"start":{"line":542,"column":0},"end":{"line":542,"column":44}},"542":{"start":{"line":543,"column":0},"end":{"line":543,"column":3}},"544":{"start":{"line":545,"column":0},"end":{"line":545,"column":36}},"545":{"start":{"line":546,"column":0},"end":{"line":546,"column":49}},"546":{"start":{"line":547,"column":0},"end":{"line":547,"column":3}},"548":{"start":{"line":549,"column":0},"end":{"line":549,"column":39}},"549":{"start":{"line":550,"column":0},"end":{"line":550,"column":52}},"550":{"start":{"line":551,"column":0},"end":{"line":551,"column":3}},"552":{"start":{"line":553,"column":0},"end":{"line":553,"column":43}},"553":{"start":{"line":554,"column":0},"end":{"line":554,"column":73}},"554":{"start":{"line":555,"column":0},"end":{"line":555,"column":3}},"556":{"start":{"line":557,"column":0},"end":{"line":557,"column":43}},"557":{"start":{"line":558,"column":0},"end":{"line":558,"column":56}},"558":{"start":{"line":559,"column":0},"end":{"line":559,"column":3}},"560":{"start":{"line":561,"column":0},"end":{"line":561,"column":58}},"561":{"start":{"line":562,"column":0},"end":{"line":562,"column":75}},"562":{"start":{"line":563,"column":0},"end":{"line":563,"column":3}},"564":{"start":{"line":565,"column":0},"end":{"line":565,"column":59}},"565":{"start":{"line":566,"column":0},"end":{"line":566,"column":76}},"566":{"start":{"line":567,"column":0},"end":{"line":567,"column":3}},"568":{"start":{"line":569,"column":0},"end":{"line":569,"column":65}},"569":{"start":{"line":570,"column":0},"end":{"line":570,"column":82}},"570":{"start":{"line":571,"column":0},"end":{"line":571,"column":3}},"572":{"start":{"line":573,"column":0},"end":{"line":573,"column":38}},"573":{"start":{"line":574,"column":0},"end":{"line":574,"column":53}},"574":{"start":{"line":575,"column":0},"end":{"line":575,"column":3}},"576":{"start":{"line":577,"column":0},"end":{"line":577,"column":38}},"577":{"start":{"line":578,"column":0},"end":{"line":578,"column":51}},"578":{"start":{"line":579,"column":0},"end":{"line":579,"column":3}},"580":{"start":{"line":581,"column":0},"end":{"line":581,"column":53}},"581":{"start":{"line":582,"column":0},"end":{"line":582,"column":83}},"582":{"start":{"line":583,"column":0},"end":{"line":583,"column":3}},"584":{"start":{"line":585,"column":0},"end":{"line":585,"column":50}},"585":{"start":{"line":586,"column":0},"end":{"line":586,"column":80}},"586":{"start":{"line":587,"column":0},"end":{"line":587,"column":3}},"588":{"start":{"line":589,"column":0},"end":{"line":589,"column":44}},"589":{"start":{"line":590,"column":0},"end":{"line":590,"column":74}},"590":{"start":{"line":591,"column":0},"end":{"line":591,"column":3}},"592":{"start":{"line":593,"column":0},"end":{"line":593,"column":44}},"593":{"start":{"line":594,"column":0},"end":{"line":594,"column":74}},"594":{"start":{"line":595,"column":0},"end":{"line":595,"column":3}},"596":{"start":{"line":597,"column":0},"end":{"line":597,"column":28}},"597":{"start":{"line":598,"column":0},"end":{"line":598,"column":48}},"598":{"start":{"line":599,"column":0},"end":{"line":599,"column":3}},"600":{"start":{"line":601,"column":0},"end":{"line":601,"column":33}},"601":{"start":{"line":602,"column":0},"end":{"line":602,"column":46}},"602":{"start":{"line":603,"column":0},"end":{"line":603,"column":3}},"604":{"start":{"line":605,"column":0},"end":{"line":605,"column":45}},"605":{"start":{"line":606,"column":0},"end":{"line":606,"column":75}},"606":{"start":{"line":607,"column":0},"end":{"line":607,"column":3}},"608":{"start":{"line":609,"column":0},"end":{"line":609,"column":44}},"609":{"start":{"line":610,"column":0},"end":{"line":610,"column":74}},"610":{"start":{"line":611,"column":0},"end":{"line":611,"column":3}},"612":{"start":{"line":613,"column":0},"end":{"line":613,"column":43}},"613":{"start":{"line":614,"column":0},"end":{"line":614,"column":73}},"614":{"start":{"line":615,"column":0},"end":{"line":615,"column":3}},"616":{"start":{"line":617,"column":0},"end":{"line":617,"column":49}},"617":{"start":{"line":618,"column":0},"end":{"line":618,"column":79}},"618":{"start":{"line":619,"column":0},"end":{"line":619,"column":3}},"620":{"start":{"line":621,"column":0},"end":{"line":621,"column":51}},"621":{"start":{"line":622,"column":0},"end":{"line":622,"column":81}},"622":{"start":{"line":623,"column":0},"end":{"line":623,"column":3}},"624":{"start":{"line":625,"column":0},"end":{"line":625,"column":60}},"625":{"start":{"line":626,"column":0},"end":{"line":626,"column":58}},"626":{"start":{"line":627,"column":0},"end":{"line":627,"column":3}},"628":{"start":{"line":629,"column":0},"end":{"line":629,"column":44}},"629":{"start":{"line":630,"column":0},"end":{"line":630,"column":74}},"630":{"start":{"line":631,"column":0},"end":{"line":631,"column":3}},"632":{"start":{"line":633,"column":0},"end":{"line":633,"column":50}},"633":{"start":{"line":634,"column":0},"end":{"line":634,"column":80}},"634":{"start":{"line":635,"column":0},"end":{"line":635,"column":3}},"636":{"start":{"line":637,"column":0},"end":{"line":637,"column":35}},"637":{"start":{"line":638,"column":0},"end":{"line":638,"column":65}},"638":{"start":{"line":639,"column":0},"end":{"line":639,"column":3}},"640":{"start":{"line":641,"column":0},"end":{"line":641,"column":39}},"641":{"start":{"line":642,"column":0},"end":{"line":642,"column":69}},"642":{"start":{"line":643,"column":0},"end":{"line":643,"column":3}},"644":{"start":{"line":645,"column":0},"end":{"line":645,"column":48}},"645":{"start":{"line":646,"column":0},"end":{"line":646,"column":52}},"646":{"start":{"line":647,"column":0},"end":{"line":647,"column":3}},"648":{"start":{"line":649,"column":0},"end":{"line":649,"column":32}},"649":{"start":{"line":650,"column":0},"end":{"line":650,"column":45}},"650":{"start":{"line":651,"column":0},"end":{"line":651,"column":3}},"652":{"start":{"line":653,"column":0},"end":{"line":653,"column":44}},"653":{"start":{"line":654,"column":0},"end":{"line":654,"column":31}},"654":{"start":{"line":655,"column":0},"end":{"line":655,"column":22}},"655":{"start":{"line":656,"column":0},"end":{"line":656,"column":7}},"656":{"start":{"line":657,"column":0},"end":{"line":657,"column":58}},"657":{"start":{"line":658,"column":0},"end":{"line":658,"column":58}},"658":{"start":{"line":659,"column":0},"end":{"line":659,"column":50}},"659":{"start":{"line":660,"column":0},"end":{"line":660,"column":54}},"660":{"start":{"line":661,"column":0},"end":{"line":661,"column":54}},"661":{"start":{"line":662,"column":0},"end":{"line":662,"column":52}},"662":{"start":{"line":663,"column":0},"end":{"line":663,"column":52}},"663":{"start":{"line":664,"column":0},"end":{"line":664,"column":52}},"664":{"start":{"line":665,"column":0},"end":{"line":665,"column":57}},"665":{"start":{"line":666,"column":0},"end":{"line":666,"column":54}},"666":{"start":{"line":667,"column":0},"end":{"line":667,"column":56}},"667":{"start":{"line":668,"column":0},"end":{"line":668,"column":57}},"668":{"start":{"line":669,"column":0},"end":{"line":669,"column":59}},"669":{"start":{"line":670,"column":0},"end":{"line":670,"column":52}},"670":{"start":{"line":671,"column":0},"end":{"line":671,"column":52}},"671":{"start":{"line":672,"column":0},"end":{"line":672,"column":52}},"672":{"start":{"line":673,"column":0},"end":{"line":673,"column":10}},"673":{"start":{"line":674,"column":0},"end":{"line":674,"column":21}},"674":{"start":{"line":675,"column":0},"end":{"line":675,"column":28}},"675":{"start":{"line":676,"column":0},"end":{"line":676,"column":46}},"676":{"start":{"line":677,"column":0},"end":{"line":677,"column":16}},"677":{"start":{"line":678,"column":0},"end":{"line":678,"column":28}},"678":{"start":{"line":679,"column":0},"end":{"line":679,"column":46}},"679":{"start":{"line":680,"column":0},"end":{"line":680,"column":16}},"680":{"start":{"line":681,"column":0},"end":{"line":681,"column":28}},"681":{"start":{"line":682,"column":0},"end":{"line":682,"column":46}},"682":{"start":{"line":683,"column":0},"end":{"line":683,"column":16}},"683":{"start":{"line":684,"column":0},"end":{"line":684,"column":28}},"684":{"start":{"line":685,"column":0},"end":{"line":685,"column":46}},"685":{"start":{"line":686,"column":0},"end":{"line":686,"column":16}},"686":{"start":{"line":687,"column":0},"end":{"line":687,"column":25}},"687":{"start":{"line":688,"column":0},"end":{"line":688,"column":73}},"688":{"start":{"line":689,"column":0},"end":{"line":689,"column":16}},"689":{"start":{"line":690,"column":0},"end":{"line":690,"column":30}},"690":{"start":{"line":691,"column":0},"end":{"line":691,"column":83}},"691":{"start":{"line":692,"column":0},"end":{"line":692,"column":16}},"692":{"start":{"line":693,"column":0},"end":{"line":693,"column":29}},"693":{"start":{"line":694,"column":0},"end":{"line":694,"column":73}},"694":{"start":{"line":695,"column":0},"end":{"line":695,"column":16}},"695":{"start":{"line":696,"column":0},"end":{"line":696,"column":29}},"696":{"start":{"line":697,"column":0},"end":{"line":697,"column":73}},"697":{"start":{"line":698,"column":0},"end":{"line":698,"column":16}},"698":{"start":{"line":699,"column":0},"end":{"line":699,"column":20}},"699":{"start":{"line":700,"column":0},"end":{"line":700,"column":95}},"700":{"start":{"line":701,"column":0},"end":{"line":701,"column":16}},"701":{"start":{"line":702,"column":0},"end":{"line":702,"column":23}},"702":{"start":{"line":703,"column":0},"end":{"line":703,"column":101}},"703":{"start":{"line":704,"column":0},"end":{"line":704,"column":16}},"704":{"start":{"line":705,"column":0},"end":{"line":705,"column":26}},"705":{"start":{"line":706,"column":0},"end":{"line":706,"column":44}},"706":{"start":{"line":707,"column":0},"end":{"line":707,"column":16}},"707":{"start":{"line":708,"column":0},"end":{"line":708,"column":24}},"708":{"start":{"line":709,"column":0},"end":{"line":709,"column":37}},"709":{"start":{"line":710,"column":0},"end":{"line":710,"column":16}},"710":{"start":{"line":711,"column":0},"end":{"line":711,"column":29}},"711":{"start":{"line":712,"column":0},"end":{"line":712,"column":37}},"712":{"start":{"line":713,"column":0},"end":{"line":713,"column":16}},"713":{"start":{"line":714,"column":0},"end":{"line":714,"column":20}},"714":{"start":{"line":715,"column":0},"end":{"line":715,"column":38}},"715":{"start":{"line":716,"column":0},"end":{"line":716,"column":16}},"716":{"start":{"line":717,"column":0},"end":{"line":717,"column":19}},"717":{"start":{"line":718,"column":0},"end":{"line":718,"column":37}},"718":{"start":{"line":719,"column":0},"end":{"line":719,"column":16}},"719":{"start":{"line":720,"column":0},"end":{"line":720,"column":27}},"720":{"start":{"line":721,"column":0},"end":{"line":721,"column":55}},"721":{"start":{"line":722,"column":0},"end":{"line":722,"column":16}},"722":{"start":{"line":723,"column":0},"end":{"line":723,"column":24}},"723":{"start":{"line":724,"column":0},"end":{"line":724,"column":42}},"724":{"start":{"line":725,"column":0},"end":{"line":725,"column":16}},"725":{"start":{"line":726,"column":0},"end":{"line":726,"column":24}},"726":{"start":{"line":727,"column":0},"end":{"line":727,"column":42}},"727":{"start":{"line":728,"column":0},"end":{"line":728,"column":16}},"728":{"start":{"line":729,"column":0},"end":{"line":729,"column":26}},"729":{"start":{"line":730,"column":0},"end":{"line":730,"column":50}},"730":{"start":{"line":731,"column":0},"end":{"line":731,"column":16}},"731":{"start":{"line":732,"column":0},"end":{"line":732,"column":27}},"732":{"start":{"line":733,"column":0},"end":{"line":733,"column":45}},"733":{"start":{"line":734,"column":0},"end":{"line":734,"column":16}},"734":{"start":{"line":735,"column":0},"end":{"line":735,"column":30}},"735":{"start":{"line":736,"column":0},"end":{"line":736,"column":37}},"736":{"start":{"line":737,"column":0},"end":{"line":737,"column":16}},"737":{"start":{"line":738,"column":0},"end":{"line":738,"column":33}},"738":{"start":{"line":739,"column":0},"end":{"line":739,"column":51}},"739":{"start":{"line":740,"column":0},"end":{"line":740,"column":16}},"740":{"start":{"line":741,"column":0},"end":{"line":741,"column":24}},"741":{"start":{"line":742,"column":0},"end":{"line":742,"column":42}},"742":{"start":{"line":743,"column":0},"end":{"line":743,"column":16}},"743":{"start":{"line":744,"column":0},"end":{"line":744,"column":23}},"744":{"start":{"line":745,"column":0},"end":{"line":745,"column":34}},"745":{"start":{"line":746,"column":0},"end":{"line":746,"column":16}},"746":{"start":{"line":747,"column":0},"end":{"line":747,"column":23}},"747":{"start":{"line":748,"column":0},"end":{"line":748,"column":34}},"748":{"start":{"line":749,"column":0},"end":{"line":749,"column":16}},"749":{"start":{"line":750,"column":0},"end":{"line":750,"column":23}},"750":{"start":{"line":751,"column":0},"end":{"line":751,"column":34}},"751":{"start":{"line":752,"column":0},"end":{"line":752,"column":16}},"752":{"start":{"line":753,"column":0},"end":{"line":753,"column":23}},"753":{"start":{"line":754,"column":0},"end":{"line":754,"column":34}},"754":{"start":{"line":755,"column":0},"end":{"line":755,"column":16}},"755":{"start":{"line":756,"column":0},"end":{"line":756,"column":7}},"756":{"start":{"line":757,"column":0},"end":{"line":757,"column":5}},"758":{"start":{"line":759,"column":0},"end":{"line":759,"column":69}},"759":{"start":{"line":760,"column":0},"end":{"line":760,"column":11}},"760":{"start":{"line":761,"column":0},"end":{"line":761,"column":148}},"761":{"start":{"line":762,"column":0},"end":{"line":762,"column":140}},"763":{"start":{"line":764,"column":0},"end":{"line":764,"column":13}},"765":{"start":{"line":766,"column":0},"end":{"line":766,"column":69}},"766":{"start":{"line":767,"column":0},"end":{"line":767,"column":11}},"767":{"start":{"line":768,"column":0},"end":{"line":768,"column":148}},"768":{"start":{"line":769,"column":0},"end":{"line":769,"column":140}},"770":{"start":{"line":771,"column":0},"end":{"line":771,"column":13}},"772":{"start":{"line":773,"column":0},"end":{"line":773,"column":69}},"773":{"start":{"line":774,"column":0},"end":{"line":774,"column":11}},"774":{"start":{"line":775,"column":0},"end":{"line":775,"column":159}},"775":{"start":{"line":776,"column":0},"end":{"line":776,"column":140}},"777":{"start":{"line":778,"column":0},"end":{"line":778,"column":13}},"779":{"start":{"line":780,"column":0},"end":{"line":780,"column":69}},"780":{"start":{"line":781,"column":0},"end":{"line":781,"column":11}},"781":{"start":{"line":782,"column":0},"end":{"line":782,"column":159}},"782":{"start":{"line":783,"column":0},"end":{"line":783,"column":140}},"784":{"start":{"line":785,"column":0},"end":{"line":785,"column":13}},"786":{"start":{"line":787,"column":0},"end":{"line":787,"column":63}},"787":{"start":{"line":788,"column":0},"end":{"line":788,"column":11}},"788":{"start":{"line":789,"column":0},"end":{"line":789,"column":142}},"789":{"start":{"line":790,"column":0},"end":{"line":790,"column":134}},"791":{"start":{"line":792,"column":0},"end":{"line":792,"column":13}},"793":{"start":{"line":794,"column":0},"end":{"line":794,"column":75}},"794":{"start":{"line":795,"column":0},"end":{"line":795,"column":11}},"795":{"start":{"line":796,"column":0},"end":{"line":796,"column":154}},"796":{"start":{"line":797,"column":0},"end":{"line":797,"column":146}},"798":{"start":{"line":799,"column":0},"end":{"line":799,"column":13}},"800":{"start":{"line":801,"column":0},"end":{"line":801,"column":73}},"801":{"start":{"line":802,"column":0},"end":{"line":802,"column":11}},"802":{"start":{"line":803,"column":0},"end":{"line":803,"column":152}},"803":{"start":{"line":804,"column":0},"end":{"line":804,"column":144}},"805":{"start":{"line":806,"column":0},"end":{"line":806,"column":13}},"807":{"start":{"line":808,"column":0},"end":{"line":808,"column":85}},"808":{"start":{"line":809,"column":0},"end":{"line":809,"column":11}},"809":{"start":{"line":810,"column":0},"end":{"line":810,"column":164}},"810":{"start":{"line":811,"column":0},"end":{"line":811,"column":150}},"812":{"start":{"line":813,"column":0},"end":{"line":813,"column":13}},"814":{"start":{"line":815,"column":0},"end":{"line":815,"column":69}},"815":{"start":{"line":816,"column":0},"end":{"line":816,"column":11}},"816":{"start":{"line":817,"column":0},"end":{"line":817,"column":159}},"817":{"start":{"line":818,"column":0},"end":{"line":818,"column":140}},"819":{"start":{"line":820,"column":0},"end":{"line":820,"column":13}},"821":{"start":{"line":822,"column":0},"end":{"line":822,"column":65}},"822":{"start":{"line":823,"column":0},"end":{"line":823,"column":11}},"823":{"start":{"line":824,"column":0},"end":{"line":824,"column":155}},"824":{"start":{"line":825,"column":0},"end":{"line":825,"column":136}},"826":{"start":{"line":827,"column":0},"end":{"line":827,"column":13}},"828":{"start":{"line":829,"column":0},"end":{"line":829,"column":63}},"829":{"start":{"line":830,"column":0},"end":{"line":830,"column":11}},"830":{"start":{"line":831,"column":0},"end":{"line":831,"column":153}},"831":{"start":{"line":832,"column":0},"end":{"line":832,"column":134}},"833":{"start":{"line":834,"column":0},"end":{"line":834,"column":13}},"835":{"start":{"line":836,"column":0},"end":{"line":836,"column":71}},"836":{"start":{"line":837,"column":0},"end":{"line":837,"column":11}},"837":{"start":{"line":838,"column":0},"end":{"line":838,"column":161}},"838":{"start":{"line":839,"column":0},"end":{"line":839,"column":142}},"840":{"start":{"line":841,"column":0},"end":{"line":841,"column":13}},"842":{"start":{"line":843,"column":0},"end":{"line":843,"column":69}},"843":{"start":{"line":844,"column":0},"end":{"line":844,"column":11}},"844":{"start":{"line":845,"column":0},"end":{"line":845,"column":148}},"845":{"start":{"line":846,"column":0},"end":{"line":846,"column":140}},"847":{"start":{"line":848,"column":0},"end":{"line":848,"column":13}},"849":{"start":{"line":850,"column":0},"end":{"line":850,"column":65}},"850":{"start":{"line":851,"column":0},"end":{"line":851,"column":11}},"851":{"start":{"line":852,"column":0},"end":{"line":852,"column":155}},"852":{"start":{"line":853,"column":0},"end":{"line":853,"column":136}},"854":{"start":{"line":855,"column":0},"end":{"line":855,"column":13}},"856":{"start":{"line":857,"column":0},"end":{"line":857,"column":51}},"857":{"start":{"line":858,"column":0},"end":{"line":858,"column":11}},"858":{"start":{"line":859,"column":0},"end":{"line":859,"column":137}},"859":{"start":{"line":860,"column":0},"end":{"line":860,"column":122}},"861":{"start":{"line":862,"column":0},"end":{"line":862,"column":13}},"863":{"start":{"line":864,"column":0},"end":{"line":864,"column":53}},"864":{"start":{"line":865,"column":0},"end":{"line":865,"column":11}},"865":{"start":{"line":866,"column":0},"end":{"line":866,"column":132}},"866":{"start":{"line":867,"column":0},"end":{"line":867,"column":124}},"868":{"start":{"line":869,"column":0},"end":{"line":869,"column":13}},"870":{"start":{"line":871,"column":0},"end":{"line":871,"column":51}},"871":{"start":{"line":872,"column":0},"end":{"line":872,"column":11}},"872":{"start":{"line":873,"column":0},"end":{"line":873,"column":141}},"873":{"start":{"line":874,"column":0},"end":{"line":874,"column":122}},"875":{"start":{"line":876,"column":0},"end":{"line":876,"column":13}},"877":{"start":{"line":878,"column":0},"end":{"line":878,"column":51}},"878":{"start":{"line":879,"column":0},"end":{"line":879,"column":11}},"879":{"start":{"line":880,"column":0},"end":{"line":880,"column":141}},"880":{"start":{"line":881,"column":0},"end":{"line":881,"column":122}},"882":{"start":{"line":883,"column":0},"end":{"line":883,"column":13}},"884":{"start":{"line":885,"column":0},"end":{"line":885,"column":79}},"885":{"start":{"line":886,"column":0},"end":{"line":886,"column":11}},"886":{"start":{"line":887,"column":0},"end":{"line":887,"column":169}},"887":{"start":{"line":888,"column":0},"end":{"line":888,"column":141}},"889":{"start":{"line":890,"column":0},"end":{"line":890,"column":13}},"891":{"start":{"line":892,"column":0},"end":{"line":892,"column":61}},"892":{"start":{"line":893,"column":0},"end":{"line":893,"column":11}},"893":{"start":{"line":894,"column":0},"end":{"line":894,"column":151}},"894":{"start":{"line":895,"column":0},"end":{"line":895,"column":132}},"896":{"start":{"line":897,"column":0},"end":{"line":897,"column":13}},"898":{"start":{"line":899,"column":0},"end":{"line":899,"column":61}},"899":{"start":{"line":900,"column":0},"end":{"line":900,"column":11}},"900":{"start":{"line":901,"column":0},"end":{"line":901,"column":151}},"901":{"start":{"line":902,"column":0},"end":{"line":902,"column":132}},"903":{"start":{"line":904,"column":0},"end":{"line":904,"column":46}},"904":{"start":{"line":905,"column":0},"end":{"line":905,"column":169}},"905":{"start":{"line":906,"column":0},"end":{"line":906,"column":144}},"906":{"start":{"line":907,"column":0},"end":{"line":907,"column":38}},"907":{"start":{"line":908,"column":0},"end":{"line":908,"column":13}},"909":{"start":{"line":910,"column":0},"end":{"line":910,"column":77}},"910":{"start":{"line":911,"column":0},"end":{"line":911,"column":11}},"911":{"start":{"line":912,"column":0},"end":{"line":912,"column":156}},"912":{"start":{"line":913,"column":0},"end":{"line":913,"column":142}},"914":{"start":{"line":915,"column":0},"end":{"line":915,"column":13}},"916":{"start":{"line":917,"column":0},"end":{"line":917,"column":67}},"917":{"start":{"line":918,"column":0},"end":{"line":918,"column":11}},"918":{"start":{"line":919,"column":0},"end":{"line":919,"column":146}},"919":{"start":{"line":920,"column":0},"end":{"line":920,"column":138}},"921":{"start":{"line":922,"column":0},"end":{"line":922,"column":13}},"923":{"start":{"line":924,"column":0},"end":{"line":924,"column":61}},"924":{"start":{"line":925,"column":0},"end":{"line":925,"column":11}},"925":{"start":{"line":926,"column":0},"end":{"line":926,"column":140}},"926":{"start":{"line":927,"column":0},"end":{"line":927,"column":132}},"928":{"start":{"line":929,"column":0},"end":{"line":929,"column":13}},"930":{"start":{"line":931,"column":0},"end":{"line":931,"column":52}},"931":{"start":{"line":932,"column":0},"end":{"line":932,"column":11}},"932":{"start":{"line":933,"column":0},"end":{"line":933,"column":136}},"933":{"start":{"line":934,"column":0},"end":{"line":934,"column":128}},"936":{"start":{"line":937,"column":0},"end":{"line":937,"column":105}},"937":{"start":{"line":938,"column":0},"end":{"line":938,"column":82}},"939":{"start":{"line":940,"column":0},"end":{"line":940,"column":145}},"942":{"start":{"line":943,"column":0},"end":{"line":943,"column":143}},"944":{"start":{"line":945,"column":0},"end":{"line":945,"column":13}},"946":{"start":{"line":947,"column":0},"end":{"line":947,"column":52}},"947":{"start":{"line":948,"column":0},"end":{"line":948,"column":11}},"948":{"start":{"line":949,"column":0},"end":{"line":949,"column":136}},"949":{"start":{"line":950,"column":0},"end":{"line":950,"column":128}},"952":{"start":{"line":953,"column":0},"end":{"line":953,"column":105}},"953":{"start":{"line":954,"column":0},"end":{"line":954,"column":82}},"955":{"start":{"line":956,"column":0},"end":{"line":956,"column":145}},"958":{"start":{"line":959,"column":0},"end":{"line":959,"column":143}},"960":{"start":{"line":961,"column":0},"end":{"line":961,"column":13}},"962":{"start":{"line":963,"column":0},"end":{"line":963,"column":52}},"963":{"start":{"line":964,"column":0},"end":{"line":964,"column":11}},"964":{"start":{"line":965,"column":0},"end":{"line":965,"column":136}},"965":{"start":{"line":966,"column":0},"end":{"line":966,"column":128}},"968":{"start":{"line":969,"column":0},"end":{"line":969,"column":105}},"969":{"start":{"line":970,"column":0},"end":{"line":970,"column":82}},"971":{"start":{"line":972,"column":0},"end":{"line":972,"column":145}},"974":{"start":{"line":975,"column":0},"end":{"line":975,"column":143}},"976":{"start":{"line":977,"column":0},"end":{"line":977,"column":13}},"978":{"start":{"line":979,"column":0},"end":{"line":979,"column":52}},"979":{"start":{"line":980,"column":0},"end":{"line":980,"column":11}},"980":{"start":{"line":981,"column":0},"end":{"line":981,"column":136}},"981":{"start":{"line":982,"column":0},"end":{"line":982,"column":128}},"984":{"start":{"line":985,"column":0},"end":{"line":985,"column":105}},"985":{"start":{"line":986,"column":0},"end":{"line":986,"column":82}},"987":{"start":{"line":988,"column":0},"end":{"line":988,"column":145}},"990":{"start":{"line":991,"column":0},"end":{"line":991,"column":143}},"992":{"start":{"line":993,"column":0},"end":{"line":993,"column":13}},"994":{"start":{"line":995,"column":0},"end":{"line":995,"column":16}},"995":{"start":{"line":996,"column":0},"end":{"line":996,"column":28}},"996":{"start":{"line":997,"column":0},"end":{"line":997,"column":28}},"997":{"start":{"line":998,"column":0},"end":{"line":998,"column":28}},"998":{"start":{"line":999,"column":0},"end":{"line":999,"column":28}},"999":{"start":{"line":1000,"column":0},"end":{"line":1000,"column":25}},"1000":{"start":{"line":1001,"column":0},"end":{"line":1001,"column":31}},"1001":{"start":{"line":1002,"column":0},"end":{"line":1002,"column":30}},"1002":{"start":{"line":1003,"column":0},"end":{"line":1003,"column":36}},"1003":{"start":{"line":1004,"column":0},"end":{"line":1004,"column":28}},"1004":{"start":{"line":1005,"column":0},"end":{"line":1005,"column":26}},"1005":{"start":{"line":1006,"column":0},"end":{"line":1006,"column":25}},"1006":{"start":{"line":1007,"column":0},"end":{"line":1007,"column":29}},"1007":{"start":{"line":1008,"column":0},"end":{"line":1008,"column":28}},"1008":{"start":{"line":1009,"column":0},"end":{"line":1009,"column":26}},"1009":{"start":{"line":1010,"column":0},"end":{"line":1010,"column":19}},"1010":{"start":{"line":1011,"column":0},"end":{"line":1011,"column":20}},"1011":{"start":{"line":1012,"column":0},"end":{"line":1012,"column":19}},"1012":{"start":{"line":1013,"column":0},"end":{"line":1013,"column":19}},"1013":{"start":{"line":1014,"column":0},"end":{"line":1014,"column":33}},"1014":{"start":{"line":1015,"column":0},"end":{"line":1015,"column":24}},"1015":{"start":{"line":1016,"column":0},"end":{"line":1016,"column":24}},"1016":{"start":{"line":1017,"column":0},"end":{"line":1017,"column":32}},"1017":{"start":{"line":1018,"column":0},"end":{"line":1018,"column":27}},"1018":{"start":{"line":1019,"column":0},"end":{"line":1019,"column":24}},"1019":{"start":{"line":1020,"column":0},"end":{"line":1020,"column":23}},"1020":{"start":{"line":1021,"column":0},"end":{"line":1021,"column":23}},"1021":{"start":{"line":1022,"column":0},"end":{"line":1022,"column":23}},"1022":{"start":{"line":1023,"column":0},"end":{"line":1023,"column":25}},"1023":{"start":{"line":1024,"column":0},"end":{"line":1024,"column":3}},"1025":{"start":{"line":1026,"column":0},"end":{"line":1026,"column":32}},"1026":{"start":{"line":1027,"column":0},"end":{"line":1027,"column":47}},"1027":{"start":{"line":1028,"column":0},"end":{"line":1028,"column":3}},"1029":{"start":{"line":1030,"column":0},"end":{"line":1030,"column":30}},"1030":{"start":{"line":1031,"column":0},"end":{"line":1031,"column":45}},"1031":{"start":{"line":1032,"column":0},"end":{"line":1032,"column":3}},"1033":{"start":{"line":1034,"column":0},"end":{"line":1034,"column":49}},"1034":{"start":{"line":1035,"column":0},"end":{"line":1035,"column":36}},"1035":{"start":{"line":1036,"column":0},"end":{"line":1036,"column":70}},"1036":{"start":{"line":1037,"column":0},"end":{"line":1037,"column":30}},"1037":{"start":{"line":1038,"column":0},"end":{"line":1038,"column":7}},"1038":{"start":{"line":1039,"column":0},"end":{"line":1039,"column":5}},"1040":{"start":{"line":1041,"column":0},"end":{"line":1041,"column":162}},"1041":{"start":{"line":1042,"column":0},"end":{"line":1042,"column":89}},"1042":{"start":{"line":1043,"column":0},"end":{"line":1043,"column":5}},"1043":{"start":{"line":1044,"column":0},"end":{"line":1044,"column":3}},"1045":{"start":{"line":1046,"column":0},"end":{"line":1046,"column":52}},"1047":{"start":{"line":1048,"column":0},"end":{"line":1048,"column":16}},"1048":{"start":{"line":1049,"column":0},"end":{"line":1049,"column":144}},"1049":{"start":{"line":1050,"column":0},"end":{"line":1050,"column":92}},"1050":{"start":{"line":1051,"column":0},"end":{"line":1051,"column":51}},"1052":{"start":{"line":1053,"column":0},"end":{"line":1053,"column":47}},"1056":{"start":{"line":1057,"column":0},"end":{"line":1057,"column":176}},"1057":{"start":{"line":1058,"column":0},"end":{"line":1058,"column":75}},"1060":{"start":{"line":1061,"column":0},"end":{"line":1061,"column":157}},"1061":{"start":{"line":1062,"column":0},"end":{"line":1062,"column":98}},"1062":{"start":{"line":1063,"column":0},"end":{"line":1063,"column":146}},"1064":{"start":{"line":1065,"column":0},"end":{"line":1065,"column":53}},"1065":{"start":{"line":1066,"column":0},"end":{"line":1066,"column":33}},"1066":{"start":{"line":1067,"column":0},"end":{"line":1067,"column":23}},"1067":{"start":{"line":1068,"column":0},"end":{"line":1068,"column":94}},"1068":{"start":{"line":1069,"column":0},"end":{"line":1069,"column":79}},"1070":{"start":{"line":1071,"column":0},"end":{"line":1071,"column":46}},"1071":{"start":{"line":1072,"column":0},"end":{"line":1072,"column":162}},"1072":{"start":{"line":1073,"column":0},"end":{"line":1073,"column":94}},"1073":{"start":{"line":1074,"column":0},"end":{"line":1074,"column":53}},"1075":{"start":{"line":1076,"column":0},"end":{"line":1076,"column":161}},"1076":{"start":{"line":1077,"column":0},"end":{"line":1077,"column":98}},"1077":{"start":{"line":1078,"column":0},"end":{"line":1078,"column":53}},"1078":{"start":{"line":1079,"column":0},"end":{"line":1079,"column":36}},"1079":{"start":{"line":1080,"column":0},"end":{"line":1080,"column":50}},"1080":{"start":{"line":1081,"column":0},"end":{"line":1081,"column":166}},"1081":{"start":{"line":1082,"column":0},"end":{"line":1082,"column":142}},"1083":{"start":{"line":1084,"column":0},"end":{"line":1084,"column":151}},"1084":{"start":{"line":1085,"column":0},"end":{"line":1085,"column":132}},"1085":{"start":{"line":1086,"column":0},"end":{"line":1086,"column":40}},"1087":{"start":{"line":1088,"column":0},"end":{"line":1088,"column":3}},"1089":{"start":{"line":1090,"column":0},"end":{"line":1090,"column":51}},"1090":{"start":{"line":1091,"column":0},"end":{"line":1091,"column":16}},"1093":{"start":{"line":1094,"column":0},"end":{"line":1094,"column":72}},"1094":{"start":{"line":1095,"column":0},"end":{"line":1095,"column":139}},"1096":{"start":{"line":1097,"column":0},"end":{"line":1097,"column":72}},"1097":{"start":{"line":1098,"column":0},"end":{"line":1098,"column":80}},"1098":{"start":{"line":1099,"column":0},"end":{"line":1099,"column":72}},"1099":{"start":{"line":1100,"column":0},"end":{"line":1100,"column":76}},"1107":{"start":{"line":1108,"column":0},"end":{"line":1108,"column":194}},"1108":{"start":{"line":1109,"column":0},"end":{"line":1109,"column":80}},"1113":{"start":{"line":1114,"column":0},"end":{"line":1114,"column":196}},"1114":{"start":{"line":1115,"column":0},"end":{"line":1115,"column":76}},"1121":{"start":{"line":1122,"column":0},"end":{"line":1122,"column":176}},"1122":{"start":{"line":1123,"column":0},"end":{"line":1123,"column":76}},"1125":{"start":{"line":1126,"column":0},"end":{"line":1126,"column":62}},"1128":{"start":{"line":1129,"column":0},"end":{"line":1129,"column":192}},"1129":{"start":{"line":1130,"column":0},"end":{"line":1130,"column":84}},"1131":{"start":{"line":1132,"column":0},"end":{"line":1132,"column":36}},"1133":{"start":{"line":1134,"column":0},"end":{"line":1134,"column":60}},"1136":{"start":{"line":1137,"column":0},"end":{"line":1137,"column":205}},"1138":{"start":{"line":1139,"column":0},"end":{"line":1139,"column":75}},"1141":{"start":{"line":1142,"column":0},"end":{"line":1142,"column":202}},"1143":{"start":{"line":1144,"column":0},"end":{"line":1144,"column":70}},"1145":{"start":{"line":1146,"column":0},"end":{"line":1146,"column":23}},"1147":{"start":{"line":1148,"column":0},"end":{"line":1148,"column":3}},"1149":{"start":{"line":1150,"column":0},"end":{"line":1150,"column":52}},"1150":{"start":{"line":1151,"column":0},"end":{"line":1151,"column":16}},"1152":{"start":{"line":1153,"column":0},"end":{"line":1153,"column":89}},"1153":{"start":{"line":1154,"column":0},"end":{"line":1154,"column":85}},"1154":{"start":{"line":1155,"column":0},"end":{"line":1155,"column":46}},"1155":{"start":{"line":1156,"column":0},"end":{"line":1156,"column":87}},"1158":{"start":{"line":1159,"column":0},"end":{"line":1159,"column":68}},"1162":{"start":{"line":1163,"column":0},"end":{"line":1163,"column":196}},"1163":{"start":{"line":1164,"column":0},"end":{"line":1164,"column":81}},"1169":{"start":{"line":1170,"column":0},"end":{"line":1170,"column":3}},"1171":{"start":{"line":1172,"column":0},"end":{"line":1172,"column":52}},"1172":{"start":{"line":1173,"column":0},"end":{"line":1173,"column":44}},"1173":{"start":{"line":1174,"column":0},"end":{"line":1174,"column":43}},"1174":{"start":{"line":1175,"column":0},"end":{"line":1175,"column":159}},"1175":{"start":{"line":1176,"column":0},"end":{"line":1176,"column":36}},"1176":{"start":{"line":1177,"column":0},"end":{"line":1177,"column":78}},"1177":{"start":{"line":1178,"column":0},"end":{"line":1178,"column":7}},"1178":{"start":{"line":1179,"column":0},"end":{"line":1179,"column":5}},"1180":{"start":{"line":1181,"column":0},"end":{"line":1181,"column":16}},"1181":{"start":{"line":1182,"column":0},"end":{"line":1182,"column":149}},"1182":{"start":{"line":1183,"column":0},"end":{"line":1183,"column":86}},"1183":{"start":{"line":1184,"column":0},"end":{"line":1184,"column":51}},"1185":{"start":{"line":1186,"column":0},"end":{"line":1186,"column":44}},"1189":{"start":{"line":1190,"column":0},"end":{"line":1190,"column":170}},"1190":{"start":{"line":1191,"column":0},"end":{"line":1191,"column":75}},"1193":{"start":{"line":1194,"column":0},"end":{"line":1194,"column":150}},"1194":{"start":{"line":1195,"column":0},"end":{"line":1195,"column":97}},"1195":{"start":{"line":1196,"column":0},"end":{"line":1196,"column":139}},"1197":{"start":{"line":1198,"column":0},"end":{"line":1198,"column":55}},"1198":{"start":{"line":1199,"column":0},"end":{"line":1199,"column":35}},"1199":{"start":{"line":1200,"column":0},"end":{"line":1200,"column":25}},"1200":{"start":{"line":1201,"column":0},"end":{"line":1201,"column":158}},"1201":{"start":{"line":1202,"column":0},"end":{"line":1202,"column":96}},"1202":{"start":{"line":1203,"column":0},"end":{"line":1203,"column":51}},"1204":{"start":{"line":1205,"column":0},"end":{"line":1205,"column":158}},"1205":{"start":{"line":1206,"column":0},"end":{"line":1206,"column":98}},"1206":{"start":{"line":1207,"column":0},"end":{"line":1207,"column":51}},"1209":{"start":{"line":1210,"column":0},"end":{"line":1210,"column":3}},"1211":{"start":{"line":1212,"column":0},"end":{"line":1212,"column":62}},"1212":{"start":{"line":1213,"column":0},"end":{"line":1213,"column":43}},"1213":{"start":{"line":1214,"column":0},"end":{"line":1214,"column":48}},"1214":{"start":{"line":1215,"column":0},"end":{"line":1215,"column":57}},"1215":{"start":{"line":1216,"column":0},"end":{"line":1216,"column":52}},"1216":{"start":{"line":1217,"column":0},"end":{"line":1217,"column":55}},"1217":{"start":{"line":1218,"column":0},"end":{"line":1218,"column":49}},"1218":{"start":{"line":1219,"column":0},"end":{"line":1219,"column":59}},"1219":{"start":{"line":1220,"column":0},"end":{"line":1220,"column":50}},"1220":{"start":{"line":1221,"column":0},"end":{"line":1221,"column":52}},"1221":{"start":{"line":1222,"column":0},"end":{"line":1222,"column":52}},"1222":{"start":{"line":1223,"column":0},"end":{"line":1223,"column":52}},"1223":{"start":{"line":1224,"column":0},"end":{"line":1224,"column":52}},"1224":{"start":{"line":1225,"column":0},"end":{"line":1225,"column":49}},"1225":{"start":{"line":1226,"column":0},"end":{"line":1226,"column":54}},"1226":{"start":{"line":1227,"column":0},"end":{"line":1227,"column":53}},"1227":{"start":{"line":1228,"column":0},"end":{"line":1228,"column":53}},"1228":{"start":{"line":1229,"column":0},"end":{"line":1229,"column":54}},"1229":{"start":{"line":1230,"column":0},"end":{"line":1230,"column":59}},"1230":{"start":{"line":1231,"column":0},"end":{"line":1231,"column":42}},"1231":{"start":{"line":1232,"column":0},"end":{"line":1232,"column":46}},"1232":{"start":{"line":1233,"column":0},"end":{"line":1233,"column":49}},"1233":{"start":{"line":1234,"column":0},"end":{"line":1234,"column":57}},"1234":{"start":{"line":1235,"column":0},"end":{"line":1235,"column":60}},"1235":{"start":{"line":1236,"column":0},"end":{"line":1236,"column":51}},"1236":{"start":{"line":1237,"column":0},"end":{"line":1237,"column":51}},"1237":{"start":{"line":1238,"column":0},"end":{"line":1238,"column":47}},"1238":{"start":{"line":1239,"column":0},"end":{"line":1239,"column":47}},"1239":{"start":{"line":1240,"column":0},"end":{"line":1240,"column":47}},"1240":{"start":{"line":1241,"column":0},"end":{"line":1241,"column":47}},"1241":{"start":{"line":1242,"column":0},"end":{"line":1242,"column":42}},"1242":{"start":{"line":1243,"column":0},"end":{"line":1243,"column":43}},"1243":{"start":{"line":1244,"column":0},"end":{"line":1244,"column":6}},"1244":{"start":{"line":1245,"column":0},"end":{"line":1245,"column":115}},"1245":{"start":{"line":1246,"column":0},"end":{"line":1246,"column":3}},"1247":{"start":{"line":1248,"column":0},"end":{"line":1248,"column":49}},"1249":{"start":{"line":1250,"column":0},"end":{"line":1250,"column":16}},"1252":{"start":{"line":1253,"column":0},"end":{"line":1253,"column":64}},"1253":{"start":{"line":1254,"column":0},"end":{"line":1254,"column":99}},"1254":{"start":{"line":1255,"column":0},"end":{"line":1255,"column":47}},"1258":{"start":{"line":1259,"column":0},"end":{"line":1259,"column":64}},"1259":{"start":{"line":1260,"column":0},"end":{"line":1260,"column":99}},"1260":{"start":{"line":1261,"column":0},"end":{"line":1261,"column":47}},"1266":{"start":{"line":1267,"column":0},"end":{"line":1267,"column":64}},"1267":{"start":{"line":1268,"column":0},"end":{"line":1268,"column":99}},"1268":{"start":{"line":1269,"column":0},"end":{"line":1269,"column":47}},"1272":{"start":{"line":1273,"column":0},"end":{"line":1273,"column":64}},"1273":{"start":{"line":1274,"column":0},"end":{"line":1274,"column":99}},"1274":{"start":{"line":1275,"column":0},"end":{"line":1275,"column":47}},"1280":{"start":{"line":1281,"column":0},"end":{"line":1281,"column":64}},"1281":{"start":{"line":1282,"column":0},"end":{"line":1282,"column":99}},"1282":{"start":{"line":1283,"column":0},"end":{"line":1283,"column":47}},"1286":{"start":{"line":1287,"column":0},"end":{"line":1287,"column":64}},"1287":{"start":{"line":1288,"column":0},"end":{"line":1288,"column":99}},"1288":{"start":{"line":1289,"column":0},"end":{"line":1289,"column":47}},"1294":{"start":{"line":1295,"column":0},"end":{"line":1295,"column":64}},"1295":{"start":{"line":1296,"column":0},"end":{"line":1296,"column":99}},"1296":{"start":{"line":1297,"column":0},"end":{"line":1297,"column":47}},"1300":{"start":{"line":1301,"column":0},"end":{"line":1301,"column":64}},"1301":{"start":{"line":1302,"column":0},"end":{"line":1302,"column":99}},"1302":{"start":{"line":1303,"column":0},"end":{"line":1303,"column":47}},"1308":{"start":{"line":1309,"column":0},"end":{"line":1309,"column":64}},"1309":{"start":{"line":1310,"column":0},"end":{"line":1310,"column":99}},"1310":{"start":{"line":1311,"column":0},"end":{"line":1311,"column":47}},"1314":{"start":{"line":1315,"column":0},"end":{"line":1315,"column":64}},"1315":{"start":{"line":1316,"column":0},"end":{"line":1316,"column":99}},"1316":{"start":{"line":1317,"column":0},"end":{"line":1317,"column":47}},"1322":{"start":{"line":1323,"column":0},"end":{"line":1323,"column":64}},"1323":{"start":{"line":1324,"column":0},"end":{"line":1324,"column":99}},"1324":{"start":{"line":1325,"column":0},"end":{"line":1325,"column":47}},"1328":{"start":{"line":1329,"column":0},"end":{"line":1329,"column":64}},"1329":{"start":{"line":1330,"column":0},"end":{"line":1330,"column":99}},"1330":{"start":{"line":1331,"column":0},"end":{"line":1331,"column":47}},"1336":{"start":{"line":1337,"column":0},"end":{"line":1337,"column":64}},"1337":{"start":{"line":1338,"column":0},"end":{"line":1338,"column":99}},"1338":{"start":{"line":1339,"column":0},"end":{"line":1339,"column":47}},"1342":{"start":{"line":1343,"column":0},"end":{"line":1343,"column":64}},"1343":{"start":{"line":1344,"column":0},"end":{"line":1344,"column":99}},"1344":{"start":{"line":1345,"column":0},"end":{"line":1345,"column":47}},"1350":{"start":{"line":1351,"column":0},"end":{"line":1351,"column":64}},"1351":{"start":{"line":1352,"column":0},"end":{"line":1352,"column":99}},"1352":{"start":{"line":1353,"column":0},"end":{"line":1353,"column":47}},"1356":{"start":{"line":1357,"column":0},"end":{"line":1357,"column":64}},"1357":{"start":{"line":1358,"column":0},"end":{"line":1358,"column":99}},"1358":{"start":{"line":1359,"column":0},"end":{"line":1359,"column":47}},"1362":{"start":{"line":1363,"column":0},"end":{"line":1363,"column":32}},"1364":{"start":{"line":1365,"column":0},"end":{"line":1365,"column":3}},"1366":{"start":{"line":1367,"column":0},"end":{"line":1367,"column":48}},"1367":{"start":{"line":1368,"column":0},"end":{"line":1368,"column":16}},"1371":{"start":{"line":1372,"column":0},"end":{"line":1372,"column":202}},"1372":{"start":{"line":1373,"column":0},"end":{"line":1373,"column":81}},"1376":{"start":{"line":1377,"column":0},"end":{"line":1377,"column":74}},"1377":{"start":{"line":1378,"column":0},"end":{"line":1378,"column":212}},"1389":{"start":{"line":1390,"column":0},"end":{"line":1390,"column":196}},"1390":{"start":{"line":1391,"column":0},"end":{"line":1391,"column":81}},"1395":{"start":{"line":1396,"column":0},"end":{"line":1396,"column":184}},"1396":{"start":{"line":1397,"column":0},"end":{"line":1397,"column":84}},"1403":{"start":{"line":1404,"column":0},"end":{"line":1404,"column":184}},"1404":{"start":{"line":1405,"column":0},"end":{"line":1405,"column":79}},"1409":{"start":{"line":1410,"column":0},"end":{"line":1410,"column":185}},"1410":{"start":{"line":1411,"column":0},"end":{"line":1411,"column":80}},"1417":{"start":{"line":1418,"column":0},"end":{"line":1418,"column":184}},"1418":{"start":{"line":1419,"column":0},"end":{"line":1419,"column":79}},"1423":{"start":{"line":1424,"column":0},"end":{"line":1424,"column":184}},"1424":{"start":{"line":1425,"column":0},"end":{"line":1425,"column":80}},"1431":{"start":{"line":1432,"column":0},"end":{"line":1432,"column":182}},"1432":{"start":{"line":1433,"column":0},"end":{"line":1433,"column":79}},"1437":{"start":{"line":1438,"column":0},"end":{"line":1438,"column":176}},"1438":{"start":{"line":1439,"column":0},"end":{"line":1439,"column":76}},"1445":{"start":{"line":1446,"column":0},"end":{"line":1446,"column":194}},"1446":{"start":{"line":1447,"column":0},"end":{"line":1447,"column":80}},"1454":{"start":{"line":1455,"column":0},"end":{"line":1455,"column":3}},"1456":{"start
[...]
,"end":{"line":18,"column":35}},"18":{"start":{"line":19,"column":0},"end":{"line":19,"column":24}},"19":{"start":{"line":20,"column":0},"end":{"line":20,"column":31}},"20":{"start":{"line":21,"column":0},"end":{"line":21,"column":37}},"21":{"start":{"line":22,"column":0},"end":{"line":22,"column":33}},"22":{"start":{"line":23,"column":0},"end":{"line":23,"column":17}},"23":{"start":{"line":24,"column":0},"end":{"line":24,"column":4}},"24":{"start":{"line":25,"column":0},"end":{"line":25,"column":20}},"25":{"start":{"line":26,"column":0},"end":{"line":26,"column":47}},"26":{"start":{"line":27,"column":0},"end":{"line":27,"column":36}},"27":{"start":{"line":28,"column":0},"end":{"line":28,"column":55}},"28":{"start":{"line":29,"column":0},"end":{"line":29,"column":59}},"29":{"start":{"line":30,"column":0},"end":{"line":30,"column":60}},"30":{"start":{"line":31,"column":0},"end":{"line":31,"column":58}},"31":{"start":{"line":32,"column":0},"end":{"line":32,"column":48}},"32":{"start":{"line":33,"column":0},"end":{"line":33,"column":49}},"33":{"start":{"line":34,"column":0},"end":{"line":34,"column":53}},"34":{"start":{"line":35,"column":0},"end":{"line":35,"column":54}},"35":{"start":{"line":36,"column":0},"end":{"line":36,"column":44}},"36":{"start":{"line":37,"column":0},"end":{"line":37,"column":47}},"37":{"start":{"line":38,"column":0},"end":{"line":38,"column":56}},"38":{"start":{"line":39,"column":0},"end":{"line":39,"column":48}},"39":{"start":{"line":40,"column":0},"end":{"line":40,"column":49}},"40":{"start":{"line":41,"column":0},"end":{"line":41,"column":40}},"41":{"start":{"line":42,"column":0},"end":{"line":42,"column":53}},"42":{"start":{"line":43,"column":0},"end":{"line":43,"column":51}},"43":{"start":{"line":44,"column":0},"end":{"line":44,"column":42}},"44":{"start":{"line":45,"column":0},"end":{"line":45,"column":43}},"45":{"start":{"line":46,"column":0},"end":{"line":46,"column":42}},"46":{"start":{"line":47,"column":0},"end":{"line":47,"column":61}},"47":{"start":{"line":48,"column":0},"end":{"line":48,"column":47}},"48":{"start":{"line":49,"column":0},"end":{"line":49,"column":43}},"49":{"start":{"line":50,"column":0},"end":{"line":50,"column":52}},"50":{"start":{"line":51,"column":0},"end":{"line":51,"column":46}},"51":{"start":{"line":52,"column":0},"end":{"line":52,"column":30}},"52":{"start":{"line":53,"column":0},"end":{"line":53,"column":33}},"53":{"start":{"line":54,"column":0},"end":{"line":54,"column":28}},"54":{"start":{"line":55,"column":0},"end":{"line":55,"column":4}},"55":{"start":{"line":56,"column":0},"end":{"line":56,"column":16}},"56":{"start":{"line":57,"column":0},"end":{"line":57,"column":30}},"57":{"start":{"line":58,"column":0},"end":{"line":58,"column":24}},"58":{"start":{"line":59,"column":0},"end":{"line":59,"column":22}},"59":{"start":{"line":60,"column":0},"end":{"line":60,"column":44}},"60":{"start":{"line":61,"column":0},"end":{"line":61,"column":31}},"61":{"start":{"line":62,"column":0},"end":{"line":62,"column":35}},"62":{"start":{"line":63,"column":0},"end":{"line":63,"column":47}},"63":{"start":{"line":64,"column":0},"end":{"line":64,"column":37}},"64":{"start":{"line":65,"column":0},"end":{"line":65,"column":38}},"65":{"start":{"line":66,"column":0},"end":{"line":66,"column":31}},"66":{"start":{"line":67,"column":0},"end":{"line":67,"column":39}},"67":{"start":{"line":68,"column":0},"end":{"line":68,"column":39}},"68":{"start":{"line":69,"column":0},"end":{"line":69,"column":41}},"69":{"start":{"line":70,"column":0},"end":{"line":70,"column":32}},"70":{"start":{"line":71,"column":0},"end":{"line":71,"column":29}},"71":{"start":{"line":72,"column":0},"end":{"line":72,"column":32}},"72":{"start":{"line":73,"column":0},"end":{"line":73,"column":40}},"73":{"start":{"line":74,"column":0},"end":{"line":74,"column":32}},"74":{"start":{"line":75,"column":0},"end":{"line":75,"column":31}},"75":{"start":{"line":76,"column":0},"end":{"line":76,"column":35}},"76":{"start":{"line":77,"column":0},"end":{"line":77,"column":33}},"77":{"start":{"line":78,"column":0},"end":{"line":78,"column":40}},"78":{"start":{"line":79,"column":0},"end":{"line":79,"column":22}},"79":{"start":{"line":80,"column":0},"end":{"line":80,"column":30}},"80":{"start":{"line":81,"column":0},"end":{"line":81,"column":47}},"81":{"start":{"line":82,"column":0},"end":{"line":82,"column":39}},"82":{"start":{"line":83,"column":0},"end":{"line":83,"column":4}},"83":{"start":{"line":84,"column":0},"end":{"line":84,"column":13}},"84":{"start":{"line":85,"column":0},"end":{"line":85,"column":47}},"85":{"start":{"line":86,"column":0},"end":{"line":86,"column":40}},"86":{"start":{"line":87,"column":0},"end":{"line":87,"column":44}},"87":{"start":{"line":88,"column":0},"end":{"line":88,"column":39}},"88":{"start":{"line":89,"column":0},"end":{"line":89,"column":45}},"89":{"start":{"line":90,"column":0},"end":{"line":90,"column":122}},"90":{"start":{"line":91,"column":0},"end":{"line":91,"column":51}},"91":{"start":{"line":92,"column":0},"end":{"line":92,"column":37}},"92":{"start":{"line":93,"column":0},"end":{"line":93,"column":49}},"93":{"start":{"line":94,"column":0},"end":{"line":94,"column":49}},"94":{"start":{"line":95,"column":0},"end":{"line":95,"column":69}},"95":{"start":{"line":96,"column":0},"end":{"line":96,"column":49}},"96":{"start":{"line":97,"column":0},"end":{"line":97,"column":54}},"97":{"start":{"line":98,"column":0},"end":{"line":98,"column":47}},"98":{"start":{"line":99,"column":0},"end":{"line":99,"column":56}},"99":{"start":{"line":100,"column":0},"end":{"line":100,"column":48}},"100":{"start":{"line":101,"column":0},"end":{"line":101,"column":59}},"101":{"start":{"line":102,"column":0},"end":{"line":102,"column":46}},"102":{"start":{"line":103,"column":0},"end":{"line":103,"column":102}},"103":{"start":{"line":104,"column":0},"end":{"line":104,"column":41}},"104":{"start":{"line":105,"column":0},"end":{"line":105,"column":90}},"105":{"start":{"line":106,"column":0},"end":{"line":106,"column":41}},"106":{"start":{"line":107,"column":0},"end":{"line":107,"column":54}},"107":{"start":{"line":108,"column":0},"end":{"line":108,"column":43}},"108":{"start":{"line":109,"column":0},"end":{"line":109,"column":33}},"109":{"start":{"line":110,"column":0},"end":{"line":110,"column":21}},"110":{"start":{"line":111,"column":0},"end":{"line":111,"column":33}},"111":{"start":{"line":112,"column":0},"end":{"line":112,"column":47}},"112":{"start":{"line":113,"column":0},"end":{"line":113,"column":21}},"113":{"start":{"line":114,"column":0},"end":{"line":114,"column":35}},"114":{"start":{"line":115,"column":0},"end":{"line":115,"column":39}},"115":{"start":{"line":116,"column":0},"end":{"line":116,"column":43}},"116":{"start":{"line":117,"column":0},"end":{"line":117,"column":66}},"117":{"start":{"line":118,"column":0},"end":{"line":118,"column":62}},"118":{"start":{"line":119,"column":0},"end":{"line":119,"column":62}},"119":{"start":{"line":120,"column":0},"end":{"line":120,"column":75}},"120":{"start":{"line":121,"column":0},"end":{"line":121,"column":42}},"121":{"start":{"line":122,"column":0},"end":{"line":122,"column":34}},"122":{"start":{"line":123,"column":0},"end":{"line":123,"column":102}},"123":{"start":{"line":124,"column":0},"end":{"line":124,"column":45}},"124":{"start":{"line":125,"column":0},"end":{"line":125,"column":48}},"125":{"start":{"line":126,"column":0},"end":{"line":126,"column":48}},"126":{"start":{"line":127,"column":0},"end":{"line":127,"column":58}},"127":{"start":{"line":128,"column":0},"end":{"line":128,"column":61}},"128":{"start":{"line":129,"column":0},"end":{"line":129,"column":55}},"129":{"start":{"line":130,"column":0},"end":{"line":130,"column":59}},"130":{"start":{"line":131,"column":0},"end":{"line":131,"column":51}},"131":{"start":{"line":132,"column":0},"end":{"line":132,"column":55}},"132":{"start":{"line":133,"column":0},"end":{"line":133,"column":55}},"133":{"start":{"line":134,"column":0},"end":{"line":134,"column":59}},"134":{"start":{"line":135,"column":0},"end":{"line":135,"column":47}},"135":{"start":{"line":136,"column":0},"end":{"line":136,"column":27}},"136":{"start":{"line":137,"column":0},"end":{"line":137,"column":32}},"137":{"start":{"line":138,"column":0},"end":{"line":138,"column":32}},"138":{"start":{"line":139,"column":0},"end":{"line":139,"column":32}},"139":{"start":{"line":140,"column":0},"end":{"line":140,"column":32}},"140":{"start":{"line":141,"column":0},"end":{"line":141,"column":32}},"141":{"start":{"line":142,"column":0},"end":{"line":142,"column":32}},"142":{"start":{"line":143,"column":0},"end":{"line":143,"column":32}},"143":{"start":{"line":144,"column":0},"end":{"line":144,"column":32}},"144":{"start":{"line":145,"column":0},"end":{"line":145,"column":33}},"145":{"start":{"line":146,"column":0},"end":{"line":146,"column":33}},"146":{"start":{"line":147,"column":0},"end":{"line":147,"column":33}},"147":{"start":{"line":148,"column":0},"end":{"line":148,"column":33}},"148":{"start":{"line":149,"column":0},"end":{"line":149,"column":33}},"149":{"start":{"line":150,"column":0},"end":{"line":150,"column":33}},"150":{"start":{"line":151,"column":0},"end":{"line":151,"column":33}},"151":{"start":{"line":152,"column":0},"end":{"line":152,"column":33}},"152":{"start":{"line":153,"column":0},"end":{"line":153,"column":66}},"153":{"start":{"line":154,"column":0},"end":{"line":154,"column":61}},"154":{"start":{"line":155,"column":0},"end":{"line":155,"column":71}},"155":{"start":{"line":156,"column":0},"end":{"line":156,"column":49}},"156":{"start":{"line":157,"column":0},"end":{"line":157,"column":44}},"157":{"start":{"line":158,"column":0},"end":{"line":158,"column":65}},"158":{"start":{"line":159,"column":0},"end":{"line":159,"column":35}},"159":{"start":{"line":160,"column":0},"end":{"line":160,"column":42}},"160":{"start":{"line":161,"column":0},"end":{"line":161,"column":95}},"161":{"start":{"line":162,"column":0},"end":{"line":162,"column":37}},"162":{"start":{"line":163,"column":0},"end":{"line":163,"column":42}},"163":{"start":{"line":164,"column":0},"end":{"line":164,"column":45}},"164":{"start":{"line":165,"column":0},"end":{"line":165,"column":38}},"165":{"start":{"line":166,"column":0},"end":{"line":166,"column":46}},"166":{"start":{"line":167,"column":0},"end":{"line":167,"column":43}},"167":{"start":{"line":168,"column":0},"end":{"line":168,"column":35}},"168":{"start":{"line":169,"column":0},"end":{"line":169,"column":42}},"169":{"start":{"line":170,"column":0},"end":{"line":170,"column":46}},"170":{"start":{"line":171,"column":0},"end":{"line":171,"column":52}},"171":{"start":{"line":172,"column":0},"end":{"line":172,"column":52}},"172":{"start":{"line":173,"column":0},"end":{"line":173,"column":49}},"173":{"start":{"line":174,"column":0},"end":{"line":174,"column":61}},"174":{"start":{"line":175,"column":0},"end":{"line":175,"column":58}},"175":{"start":{"line":176,"column":0},"end":{"line":176,"column":52}},"176":{"start":{"line":177,"column":0},"end":{"line":177,"column":51}},"177":{"start":{"line":178,"column":0},"end":{"line":178,"column":61}},"178":{"start":{"line":179,"column":0},"end":{"line":179,"column":60}},"179":{"start":{"line":180,"column":0},"end":{"line":180,"column":56}},"180":{"start":{"line":181,"column":0},"end":{"line":181,"column":60}},"181":{"start":{"line":182,"column":0},"end":{"line":182,"column":55}},"182":{"start":{"line":183,"column":0},"end":{"line":183,"column":59}},"183":{"start":{"line":184,"column":0},"end":{"line":184,"column":57}},"184":{"start":{"line":185,"column":0},"end":{"line":185,"column":61}},"185":{"start":{"line":186,"column":0},"end":{"line":186,"column":62}},"186":{"start":{"line":187,"column":0},"end":{"line":187,"column":60}},"187":{"start":{"line":188,"column":0},"end":{"line":188,"column":60}},"188":{"start":{"line":189,"column":0},"end":{"line":189,"column":50}},"189":{"start":{"line":190,"column":0},"end":{"line":190,"column":48}},"190":{"start":{"line":191,"column":0},"end":{"line":191,"column":41}},"191":{"start":{"line":192,"column":0},"end":{"line":192,"column":41}},"192":{"start":{"line":193,"column":0},"end":{"line":193,"column":41}},"193":{"start":{"line":194,"column":0},"end":{"line":194,"column":41}},"194":{"start":{"line":195,"column":0},"end":{"line":195,"column":39}},"195":{"start":{"line":196,"column":0},"end":{"line":196,"column":39}},"196":{"start":{"line":197,"column":0},"end":{"line":197,"column":39}},"197":{"start":{"line":198,"column":0},"end":{"line":198,"column":39}},"198":{"start":{"line":199,"column":0},"end":{"line":199,"column":40}},"199":{"start":{"line":200,"column":0},"end":{"line":200,"column":40}},"200":{"start":{"line":201,"column":0},"end":{"line":201,"column":40}},"201":{"start":{"line":202,"column":0},"end":{"line":202,"column":40}},"202":{"start":{"line":203,"column":0},"end":{"line":203,"column":56}},"203":{"start":{"line":204,"column":0},"end":{"line":204,"column":56}},"204":{"start":{"line":205,"column":0},"end":{"line":205,"column":56}},"205":{"start":{"line":206,"column":0},"end":{"line":206,"column":56}},"206":{"start":{"line":207,"column":0},"end":{"line":207,"column":54}},"207":{"start":{"line":208,"column":0},"end":{"line":208,"column":36}},"208":{"start":{"line":209,"column":0},"end":{"line":209,"column":63}},"209":{"start":{"line":210,"column":0},"end":{"line":210,"column":52}},"210":{"start":{"line":211,"column":0},"end":{"line":211,"column":54}},"211":{"start":{"line":212,"column":0},"end":{"line":212,"column":57}},"212":{"start":{"line":213,"column":0},"end":{"line":213,"column":45}},"213":{"start":{"line":214,"column":0},"end":{"line":214,"column":48}},"214":{"start":{"line":215,"column":0},"end":{"line":215,"column":59}},"215":{"start":{"line":216,"column":0},"end":{"line":216,"column":51}},"216":{"start":{"line":217,"column":0},"end":{"line":217,"column":53}},"217":{"start":{"line":218,"column":0},"end":{"line":218,"column":50}},"218":{"start":{"line":219,"column":0},"end":{"line":219,"column":55}},"219":{"start":{"line":220,"column":0},"end":{"line":220,"column":40}},"220":{"start":{"line":221,"column":0},"end":{"line":221,"column":25}},"221":{"start":{"line":222,"column":0},"end":{"line":222,"column":29}},"222":{"start":{"line":223,"column":0},"end":{"line":223,"column":39}},"223":{"start":{"line":224,"column":0},"end":{"line":224,"column":38}},"224":{"start":{"line":225,"column":0},"end":{"line":225,"column":34}},"225":{"start":{"line":226,"column":0},"end":{"line":226,"column":29}},"226":{"start":{"line":227,"column":0},"end":{"line":227,"column":40}},"227":{"start":{"line":228,"column":0},"end":{"line":228,"column":30}},"228":{"start":{"line":229,"column":0},"end":{"line":229,"column":39}},"229":{"start":{"line":230,"column":0},"end":{"line":230,"column":30}},"230":{"start":{"line":231,"column":0},"end":{"line":231,"column":29}},"231":{"start":{"line":232,"column":0},"end":{"line":232,"column":29}},"232":{"start":{"line":233,"column":0},"end":{"line":233,"column":4}},"233":{"start":{"line":234,"column":0},"end":{"line":234,"column":11}},"234":{"start":{"line":235,"column":0},"end":{"line":235,"column":22}},"235":{"start":{"line":236,"column":0},"end":{"line":236,"column":36}},"236":{"start":{"line":237,"column":0},"end":{"line":237,"column":44}},"237":{"start":{"line":238,"column":0},"end":{"line":238,"column":43}},"238":{"start":{"line":239,"column":0},"end":{"line":239,"column":29}},"239":{"start":{"line":240,"column":0},"end":{"line":240,"column":28}},"240":{"start":{"line":241,"column":0},"end":{"line":241,"column":36}},"241":{"start":{"line":242,"column":0},"end":{"line":242,"column":35}},"242":{"start":{"line":243,"column":0},"end":{"line":243,"column":27}},"243":{"start":{"line":244,"column":0},"end":{"line":244,"column":40}},"244":{"start":{"line":245,"column":0},"end":{"line":245,"column":22}},"245":{"start":{"line":246,"column":0},"end":{"line":246,"column":23}},"246":{"start":{"line":247,"column":0},"end":{"line":247,"column":28}},"247":{"start":{"line":248,"column":0},"end":{"line":248,"column":20}},"248":{"start":{"line":249,"column":0},"end":{"line":249,"column":35}},"249":{"start":{"line":250,"column":0},"end":{"line":250,"column":34}},"250":{"start":{"line":251,"column":0},"end":{"line":251,"column":36}},"251":{"start":{"line":252,"column":0},"end":{"line":252,"column":4}},"252":{"start":{"line":253,"column":0},"end":{"line":253,"column":17}},"253":{"start":{"line":254,"column":0},"end":{"line":254,"column":31}},"254":{"start":{"line":255,"column":0},"end":{"line":255,"column":40}},"255":{"start":{"line":256,"column":0},"end":{"line":256,"column":36}},"256":{"start":{"line":257,"column":0},"end":{"line":257,"column":42}},"257":{"start":{"line":258,"column":0},"end":{"line":258,"column":33}},"258":{"start":{"line":259,"column":0},"end":{"line":259,"column":41}},"259":{"start":{"line":260,"column":0},"end":{"line":260,"column":37}},"260":{"start":{"line":261,"column":0},"end":{"line":261,"column":38}},"261":{"start":{"line":262,"column":0},"end":{"line":262,"column":4}},"262":{"start":{"line":263,"column":0},"end":{"line":263,"column":23}},"263":{"start":{"line":264,"column":0},"end":{"line":264,"column":12}},"264":{"start":{"line":265,"column":0},"end":{"line":265,"column":21}},"265":{"start":{"line":266,"column":0},"end":{"line":266,"column":20}},"266":{"start":{"line":267,"column":0},"end":{"line":267,"column":17}},"267":{"start":{"line":268,"column":0},"end":{"line":268,"column":15}},"268":{"start":{"line":269,"column":0},"end":{"line":269,"column":17}},"269":{"start":{"line":270,"column":0},"end":{"line":270,"column":14}},"270":{"start":{"line":271,"column":0},"end":{"line":271,"column":3}},"271":{"start":{"line":272,"column":0},"end":{"line":272,"column":2}},"273":{"start":{"line":274,"column":0},"end":{"line":274,"column":18}}},"s":{"2":1,"3":1,"4":1,"5":1,"6":1,"7":1,"8":1,"9":1,"10":1,"11":1,"12":1,"13":1,"14":1,"15":1,"16":1,"17":1,"18":1,"19":1,"20":1,"21":1,"22":1,"23":1,"24":1,"25":1,"26":1,"27":1,"28":1,"29":1,"30":1,"31":1,"32":1,"33":1,"34":1,"35":1,"36":1,"37":1,"38":1,"39":1,"40":1,"41":1,"42":1,"43":1,"44":1,"45":1,"46":1,"47":1,"48":1,"49":1,"50":1,"51":1,"52":1,"53":1,"54":1,"55":1,"56":1,"57":1,"58":1,"59":1,"60":1,"61":1,"62":1,"63":1,"64":1,"65":1,"66":1,"67":1,"68":1,"69":1,"70":1,"71":1,"72":1,"73":1,"74":1,"75":1,"76":1,"77":1,"78":1,"79":1,"80":1,"81":1,"82":1,"83":1,"84":1,"85":1,"86":1,"87":1,"88":1,"89":1,"90":1,"91":1,"92":1,"93":1,"94":1,"95":1,"96":1,"97":1,"98":1,"99":1,"100":1,"101":1,"102":1,"103":1,"104":1,"105":1,"106":1,"107":1,"108":1,"109":1,"110":1,"111":1,"112":1,"113":1,"114":1,"115":1,"116":1,"117":1,"118":1,"119":1,"120":1,"121":1,"122":1,"123":1,"124":1,"125":1,"126":1,"127":1,"128":1,"129":1,"130":1,"131":1,"132":1,"133":1,"134":1,"135":1,"136":1,"137":1,"138":1,"139":1,"140":1,"141":1,"142":1,"143":1,"144":1,"145":1,"146":1,"147":1,"148":1,"149":1,"150":1,"151":1,"152":1,"153":1,"154":1,"155":1,"156":1,"157":1,"158":1,"159":1,"160":1,"161":1,"162":1,"163":1,"164":1,"165":1,"166":1,"167":1,"168":1,"169":1,"170":1,"171":1,"172":1,"173":1,"174":1,"175":1,"176":1,"177":1,"178":1,"179":1,"180":1,"181":1,"182":1,"183":1,"184":1,"185":1,"186":1,"187":1,"188":1,"189":1,"190":1,"191":1,"192":1,"193":1,"194":1,"195":1,"196":1,"197":1,"198":1,"199":1,"200":1,"201":1,"202":1,"203":1,"204":1,"205":1,"206":1,"207":1,"208":1,"209":1,"210":1,"211":1,"212":1,"213":1,"214":1,"215":1,"216":1,"217":1,"218":1,"219":1,"220":1,"221":1,"222":1,"223":1,"224":1,"225":1,"226":1,"227":1,"228":1,"229":1,"230":1,"231":1,"232":1,"233":1,"234":1,"235":1,"236":1,"237":1,"238":1,"239":1,"240":1,"241":1,"242":1,"243":1,"244":1,"245":1,"246":1,"247":1,"248":1,"249":1,"250":1,"251":1,"252":1,"253":1,"254":1,"255":1,"256":1,"257":1,"258":1,"259":1,"260":1,"261":1,"262":1,"263":1,"264":1,"265":1,"266":1,"267":1,"268":1,"269":1,"270":1,"271":1,"273":1},"branchMap":{},"b":{},"fnMap":{},"f":{}}
}
